[4.639s] Invoking command in '/home/airat/ros2_ws/src/lqr_control': PYTHONPATH=/home/airat/ros2_ws/src/build/lqr_control/prefix_override:/usr/lib/python3/dist-packages/colcon_core/task/python/colcon_distutils_commands:/home/airat/ros2_ws/src/install/lqr_control/lib/python3.10/site-packages:${PYTHONPATH} /usr/bin/python3 -W ignore:setup.py install is deprecated -W ignore:easy_install command is deprecated setup.py egg_info --egg-base ../build/lqr_control build --build-base /home/airat/ros2_ws/src/build/lqr_control/build install --record /home/airat/ros2_ws/src/build/lqr_control/install.log --single-version-externally-managed install_data
[6.170s] running egg_info
[6.273s] creating ../build/lqr_control/lqr_control.egg-info
[6.274s] writing ../build/lqr_control/lqr_control.egg-info/PKG-INFO
[6.276s] writing dependency_links to ../build/lqr_control/lqr_control.egg-info/dependency_links.txt
[6.277s] writing entry points to ../build/lqr_control/lqr_control.egg-info/entry_points.txt
[6.278s] writing requirements to ../build/lqr_control/lqr_control.egg-info/requires.txt
[6.279s] writing top-level names to ../build/lqr_control/lqr_control.egg-info/top_level.txt
[6.279s] writing manifest file '../build/lqr_control/lqr_control.egg-info/SOURCES.txt'
[6.490s] reading manifest file '../build/lqr_control/lqr_control.egg-info/SOURCES.txt'
[6.492s] adding license file 'LICENSE'
[6.496s] writing manifest file '../build/lqr_control/lqr_control.egg-info/SOURCES.txt'
[6.498s] running build
[6.500s] running build_py
[6.500s] creating /home/airat/ros2_ws/src/build/lqr_control/build/lib/lqr_control
[6.501s] copying lqr_control/lqr_action_client.py -> /home/airat/ros2_ws/src/build/lqr_control/build/lib/lqr_control
[6.502s] copying lqr_control/__init__.py -> /home/airat/ros2_ws/src/build/lqr_control/build/lib/lqr_control
[6.503s] copying lqr_control/lqr_action_server.py -> /home/airat/ros2_ws/src/build/lqr_control/build/lib/lqr_control
[6.505s] running install
[6.529s] running install_lib
[6.631s] creating /home/airat/ros2_ws/src/install/lqr_control/lib/python3.10/site-packages/lqr_control
[6.632s] copying /home/airat/ros2_ws/src/build/lqr_control/build/lib/lqr_control/lqr_action_client.py -> /home/airat/ros2_ws/src/install/lqr_control/lib/python3.10/site-packages/lqr_control
[6.633s] copying /home/airat/ros2_ws/src/build/lqr_control/build/lib/lqr_control/__init__.py -> /home/airat/ros2_ws/src/install/lqr_control/lib/python3.10/site-packages/lqr_control
[6.634s] copying /home/airat/ros2_ws/src/build/lqr_control/build/lib/lqr_control/lqr_action_server.py -> /home/airat/ros2_ws/src/install/lqr_control/lib/python3.10/site-packages/lqr_control
[6.638s] byte-compiling /home/airat/ros2_ws/src/install/lqr_control/lib/python3.10/site-packages/lqr_control/lqr_action_client.py to lqr_action_client.cpython-310.pyc
[6.650s] byte-compiling /home/airat/ros2_ws/src/install/lqr_control/lib/python3.10/site-packages/lqr_control/__init__.py to __init__.cpython-310.pyc
[6.657s] byte-compiling /home/airat/ros2_ws/src/install/lqr_control/lib/python3.10/site-packages/lqr_control/lqr_action_server.py to lqr_action_server.cpython-310.pyc
[6.657s] running install_data
[6.660s] creating /home/airat/ros2_ws/src/install/lqr_control/share/ament_index/resource_index/packages
[6.663s] copying resource/lqr_control -> /home/airat/ros2_ws/src/install/lqr_control/share/ament_index/resource_index/packages
[6.664s] copying package.xml -> /home/airat/ros2_ws/src/install/lqr_control/share/lqr_control
[6.665s] creating /home/airat/ros2_ws/src/install/lqr_control/share/lqr_control/action
[6.665s] copying action/SetMotorSpeed.action -> /home/airat/ros2_ws/src/install/lqr_control/share/lqr_control/action
[6.675s] creating /home/airat/ros2_ws/src/install/lqr_control/share/lqr_control/launch
[6.675s] copying launch/lqr_control.launch.py -> /home/airat/ros2_ws/src/install/lqr_control/share/lqr_control/launch
[6.676s] running install_egg_info
[6.778s] Copying ../build/lqr_control/lqr_control.egg-info to /home/airat/ros2_ws/src/install/lqr_control/lib/python3.10/site-packages/lqr_control-0.0.0-py3.10.egg-info
[6.784s] running install_scripts
[7.826s] Installing lqr_client script to /home/airat/ros2_ws/src/install/lqr_control/lib/lqr_control
[7.828s] Installing lqr_server script to /home/airat/ros2_ws/src/install/lqr_control/lib/lqr_control
[7.829s] writing list of installed files to '/home/airat/ros2_ws/src/build/lqr_control/install.log'
[8.009s] Invoked command in '/home/airat/ros2_ws/src/lqr_control' returned '0': PYTHONPATH=/home/airat/ros2_ws/src/build/lqr_control/prefix_override:/usr/lib/python3/dist-packages/colcon_core/task/python/colcon_distutils_commands:/home/airat/ros2_ws/src/install/lqr_control/lib/python3.10/site-packages:${PYTHONPATH} /usr/bin/python3 -W ignore:setup.py install is deprecated -W ignore:easy_install command is deprecated setup.py egg_info --egg-base ../build/lqr_control build --build-base /home/airat/ros2_ws/src/build/lqr_control/build install --record /home/airat/ros2_ws/src/build/lqr_control/install.log --single-version-externally-managed install_data
