[0.203s] Invoking command in '/home/airat/ros2_ws/src/build/custom_interfaces': CMAKE_PREFIX_PATH=${CMAKE_PREFIX_PATH}:/home/airat/ros2_ws/src/install/mpu6050_reader:/home/airat/ros2_ws/src/install/lqr_control:/home/airat/ros2_ws/src/install/encoders_node:/home/airat/ros2_ws/src/install/cmd_publisher:/opt/ros/humble /usr/bin/cmake /home/airat/ros2_ws/src/custom_interfaces -DCMAKE_INSTALL_PREFIX=/home/airat/ros2_ws/src/install/custom_interfaces
[4.774s] -- The C compiler identification is GNU 11.4.0
[4.775s] -- The CXX compiler identification is GNU 11.4.0
[4.782s] -- Detecting C compiler ABI info
[4.784s] -- Detecting C compiler ABI info - done
[4.787s] -- Check for working C compiler: /usr/bin/cc - skipped
[4.787s] -- Detecting C compile features
[4.795s] -- Detecting C compile features - done
[4.796s] -- Detecting CXX compiler ABI info
[4.796s] -- Detecting CXX compiler ABI info - done
[4.796s] -- Check for working CXX compiler: /usr/bin/c++ - skipped
[4.797s] -- Detecting CXX compile features
[4.797s] -- Detecting CXX compile features - done
[4.798s] -- Found ament_cmake: 1.3.11 (/opt/ros/humble/share/ament_cmake/cmake)
[7.051s] -- Found Python3: /usr/bin/python3 (found version "3.10.12") found components: Interpreter 
[8.163s] -- Found rosidl_default_generators: 1.2.0 (/opt/ros/humble/share/rosidl_default_generators/cmake)
[8.254s] -- Using all available rosidl_typesupport_c: rosidl_typesupport_fastrtps_c;rosidl_typesupport_introspection_c
[8.443s] -- Found rosidl_adapter: 3.1.6 (/opt/ros/humble/share/rosidl_adapter/cmake)
[9.440s] -- Using all available rosidl_typesupport_cpp: rosidl_typesupport_fastrtps_cpp;rosidl_typesupport_introspection_cpp
[10.095s] -- Found builtin_interfaces: 1.2.1 (/opt/ros/humble/share/builtin_interfaces/cmake)
[14.066s] -- Found ament_cmake_ros: 0.10.0 (/opt/ros/humble/share/ament_cmake_ros/cmake)
[16.124s] -- Using all available rosidl_typesupport_c: rosidl_typesupport_fastrtps_c;rosidl_typesupport_introspection_c
[18.598s] -- Using all available rosidl_typesupport_cpp: rosidl_typesupport_fastrtps_cpp;rosidl_typesupport_introspection_cpp
[18.757s] -- Found PythonInterp: /usr/bin/python3 (found suitable version "3.10.12", minimum required is "3.6") 
[18.783s] -- Found python_cmake_module: 0.10.0 (/opt/ros/humble/share/python_cmake_module/cmake)
[18.964s] -- Found PythonLibs: /usr/lib/aarch64-linux-gnu/libpython3.10.so (found suitable version "3.10.12", minimum required is "3.5") 
[18.965s] -- Using PYTHON_EXECUTABLE: /usr/bin/python3
[18.965s] -- Using PYTHON_INCLUDE_DIRS: /usr/include/python3.10
[18.965s] -- Using PYTHON_LIBRARIES: /usr/lib/aarch64-linux-gnu/libpython3.10.so
[19.107s] -- Found PythonExtra: .so  
[19.380s] -- Found ament_lint_auto: 0.12.12 (/opt/ros/humble/share/ament_lint_auto/cmake)
[19.659s] -- Added test 'flake8' to check Python code syntax and style conventions
[19.664s] -- Added test 'lint_cmake' to check CMake code style
[19.668s] -- Added test 'pep257' to check Python code against some of the docstring style conventions in PEP 257
[19.679s] -- Added test 'xmllint' to check XML markup files
[19.700s] -- Configuring done
[19.923s] -- Generating done
[19.991s] -- Build files have been written to: /home/airat/ros2_ws/src/build/custom_interfaces
[20.015s] Invoked command in '/home/airat/ros2_ws/src/build/custom_interfaces' returned '0': CMAKE_PREFIX_PATH=${CMAKE_PREFIX_PATH}:/home/airat/ros2_ws/src/install/mpu6050_reader:/home/airat/ros2_ws/src/install/lqr_control:/home/airat/ros2_ws/src/install/encoders_node:/home/airat/ros2_ws/src/install/cmd_publisher:/opt/ros/humble /usr/bin/cmake /home/airat/ros2_ws/src/custom_interfaces -DCMAKE_INSTALL_PREFIX=/home/airat/ros2_ws/src/install/custom_interfaces
[20.032s] Invoking command in '/home/airat/ros2_ws/src/build/custom_interfaces': CMAKE_PREFIX_PATH=${CMAKE_PREFIX_PATH}:/home/airat/ros2_ws/src/install/mpu6050_reader:/home/airat/ros2_ws/src/install/lqr_control:/home/airat/ros2_ws/src/install/encoders_node:/home/airat/ros2_ws/src/install/cmd_publisher:/opt/ros/humble /usr/bin/cmake --build /home/airat/ros2_ws/src/build/custom_interfaces -- -j4 -l4
[20.219s] [  3%] [34m[1mGenerating C code for ROS interfaces[0m
[20.296s] [  6%] [34m[1mGenerating C++ code for ROS interfaces[0m
[20.348s] [  6%] Built target ament_cmake_python_copy_custom_interfaces
[22.170s] running egg_info
[22.304s] creating custom_interfaces.egg-info
[22.305s] writing custom_interfaces.egg-info/PKG-INFO
[22.311s] writing dependency_links to custom_interfaces.egg-info/dependency_links.txt
[22.314s] writing top-level names to custom_interfaces.egg-info/top_level.txt
[22.314s] writing manifest file 'custom_interfaces.egg-info/SOURCES.txt'
[22.773s] reading manifest file 'custom_interfaces.egg-info/SOURCES.txt'
[22.779s] writing manifest file 'custom_interfaces.egg-info/SOURCES.txt'
[23.116s] [  6%] Built target ament_cmake_python_build_custom_interfaces_egg
[23.154s] [  6%] Built target custom_interfaces__cpp
[23.239s] [  9%] [34m[1mGenerating C++ introspection for ROS interfaces[0m
[23.251s] [ 12%] [34m[1mGenerating C++ type support dispatch for ROS interfaces[0m
[23.257s] [ 16%] [34m[1mGenerating C++ type support for eProsima Fast-RTPS[0m
[23.825s] [ 19%] [32mBuilding C object CMakeFiles/custom_interfaces__rosidl_generator_c.dir/rosidl_generator_c/custom_interfaces/action/detail/set_motor_speed__functions.c.o[0m
[25.426s] [ 22%] [32m[1mLinking C shared library libcustom_interfaces__rosidl_generator_c.so[0m
[25.776s] [ 25%] [32mBuilding CXX object CMakeFiles/custom_interfaces__rosidl_typesupport_introspection_cpp.dir/rosidl_typesupport_introspection_cpp/custom_interfaces/action/detail/set_motor_speed__type_support.cpp.o[0m
[25.787s] [ 25%] Built target custom_interfaces__rosidl_generator_c
[25.942s] [ 29%] [34m[1mGenerating C type support for eProsima Fast-RTPS[0m
[26.149s] [ 32%] [32mBuilding CXX object CMakeFiles/custom_interfaces__rosidl_typesupport_cpp.dir/rosidl_typesupport_cpp/custom_interfaces/action/set_motor_speed__type_support.cpp.o[0m
[27.030s] [ 35%] [32mBuilding CXX object CMakeFiles/custom_interfaces__rosidl_typesupport_fastrtps_cpp.dir/rosidl_typesupport_fastrtps_cpp/custom_interfaces/action/detail/dds_fastrtps/set_motor_speed__type_support.cpp.o[0m
[29.349s] [ 38%] [32mBuilding CXX object CMakeFiles/custom_interfaces__rosidl_typesupport_fastrtps_c.dir/rosidl_typesupport_fastrtps_c/custom_interfaces/action/detail/set_motor_speed__type_support_c.cpp.o[0m
[31.120s] [ 41%] [32m[1mLinking CXX shared library libcustom_interfaces__rosidl_typesupport_cpp.so[0m
[31.538s] [ 41%] Built target custom_interfaces__rosidl_typesupport_cpp
[31.615s] [ 45%] [34m[1mGenerating C introspection for ROS interfaces[0m
[32.701s] [ 48%] [32m[1mLinking CXX shared library libcustom_interfaces__rosidl_typesupport_introspection_cpp.so[0m
[32.788s] [ 51%] [32m[1mLinking CXX shared library libcustom_interfaces__rosidl_typesupport_fastrtps_cpp.so[0m
[32.802s] [ 54%] [32m[1mLinking CXX shared library libcustom_interfaces__rosidl_typesupport_fastrtps_c.so[0m
[33.392s] [ 54%] Built target custom_interfaces__rosidl_typesupport_fastrtps_cpp
[33.443s] [ 54%] Built target custom_interfaces__rosidl_typesupport_introspection_cpp
[33.492s] [ 58%] [34m[1mGenerating C type support dispatch for ROS interfaces[0m
[33.495s] [ 58%] Built target custom_interfaces__rosidl_typesupport_fastrtps_c
[34.565s] [ 61%] [32mBuilding C object CMakeFiles/custom_interfaces__rosidl_typesupport_introspection_c.dir/rosidl_typesupport_introspection_c/custom_interfaces/action/detail/set_motor_speed__type_support.c.o[0m
[34.890s] [ 64%] [32m[1mLinking C shared library libcustom_interfaces__rosidl_typesupport_introspection_c.so[0m
[35.076s] [ 64%] Built target custom_interfaces__rosidl_typesupport_introspection_c
[35.284s] [ 67%] [32mBuilding CXX object CMakeFiles/custom_interfaces__rosidl_typesupport_c.dir/rosidl_typesupport_c/custom_interfaces/action/set_motor_speed__type_support.cpp.o[0m
[35.585s] [ 70%] [32m[1mLinking CXX shared library libcustom_interfaces__rosidl_typesupport_c.so[0m
[35.783s] [ 70%] Built target custom_interfaces__rosidl_typesupport_c
[35.888s] [ 70%] Built target custom_interfaces
[36.000s] [ 74%] [34m[1mGenerating Python code for ROS interfaces[0m
[39.831s] [ 74%] Built target custom_interfaces__py
[39.932s] [ 77%] [32mBuilding C object CMakeFiles/custom_interfaces__rosidl_generator_py.dir/rosidl_generator_py/custom_interfaces/action/_set_motor_speed_s.c.o[0m
[40.882s] [ 80%] [32m[1mLinking C shared library rosidl_generator_py/custom_interfaces/libcustom_interfaces__rosidl_generator_py.so[0m
[41.131s] [ 80%] Built target custom_interfaces__rosidl_generator_py
[41.247s] [ 83%] [32mBuilding C object CMakeFiles/custom_interfaces__rosidl_typesupport_introspection_c__pyext.dir/rosidl_generator_py/custom_interfaces/_custom_interfaces_s.ep.rosidl_typesupport_introspection_c.c.o[0m
[41.249s] [ 87%] [32mBuilding C object CMakeFiles/custom_interfaces__rosidl_typesupport_fastrtps_c__pyext.dir/rosidl_generator_py/custom_interfaces/_custom_interfaces_s.ep.rosidl_typesupport_fastrtps_c.c.o[0m
[41.288s] [ 90%] [32mBuilding C object CMakeFiles/custom_interfaces__rosidl_typesupport_c__pyext.dir/rosidl_generator_py/custom_interfaces/_custom_interfaces_s.ep.rosidl_typesupport_c.c.o[0m
[42.042s] [ 93%] [32m[1mLinking C shared library rosidl_generator_py/custom_interfaces/custom_interfaces_s__rosidl_typesupport_fastrtps_c.cpython-310-aarch64-linux-gnu.so[0m
[42.101s] [ 96%] [32m[1mLinking C shared library rosidl_generator_py/custom_interfaces/custom_interfaces_s__rosidl_typesupport_introspection_c.cpython-310-aarch64-linux-gnu.so[0m
[42.327s] [100%] [32m[1mLinking C shared library rosidl_generator_py/custom_interfaces/custom_interfaces_s__rosidl_typesupport_c.cpython-310-aarch64-linux-gnu.so[0m
[42.409s] [100%] Built target custom_interfaces__rosidl_typesupport_introspection_c__pyext
[42.429s] [100%] Built target custom_interfaces__rosidl_typesupport_fastrtps_c__pyext
[42.593s] [100%] Built target custom_interfaces__rosidl_typesupport_c__pyext
[42.638s] Invoked command in '/home/airat/ros2_ws/src/build/custom_interfaces' returned '0': CMAKE_PREFIX_PATH=${CMAKE_PREFIX_PATH}:/home/airat/ros2_ws/src/install/mpu6050_reader:/home/airat/ros2_ws/src/install/lqr_control:/home/airat/ros2_ws/src/install/encoders_node:/home/airat/ros2_ws/src/install/cmd_publisher:/opt/ros/humble /usr/bin/cmake --build /home/airat/ros2_ws/src/build/custom_interfaces -- -j4 -l4
[42.690s] Invoking command in '/home/airat/ros2_ws/src/build/custom_interfaces': CMAKE_PREFIX_PATH=${CMAKE_PREFIX_PATH}:/home/airat/ros2_ws/src/install/mpu6050_reader:/home/airat/ros2_ws/src/install/lqr_control:/home/airat/ros2_ws/src/install/encoders_node:/home/airat/ros2_ws/src/install/cmd_publisher:/opt/ros/humble /usr/bin/cmake --install /home/airat/ros2_ws/src/build/custom_interfaces
[42.717s] -- Install configuration: ""
[42.718s] -- Installing: /home/airat/ros2_ws/src/install/custom_interfaces/share/ament_index/resource_index/rosidl_interfaces/custom_interfaces
[42.720s] -- Installing: /home/airat/ros2_ws/src/install/custom_interfaces/include/custom_interfaces/custom_interfaces
[42.720s] -- Installing: /home/airat/ros2_ws/src/install/custom_interfaces/include/custom_interfaces/custom_interfaces/msg
[42.722s] -- Installing: /home/airat/ros2_ws/src/install/custom_interfaces/include/custom_interfaces/custom_interfaces/msg/rosidl_generator_c__visibility_control.h
[42.723s] -- Installing: /home/airat/ros2_ws/src/install/custom_interfaces/include/custom_interfaces/custom_interfaces/action
[42.723s] -- Installing: /home/airat/ros2_ws/src/install/custom_interfaces/include/custom_interfaces/custom_interfaces/action/set_motor_speed.h
[42.724s] -- Installing: /home/airat/ros2_ws/src/install/custom_interfaces/include/custom_interfaces/custom_interfaces/action/detail
[42.725s] -- Installing: /home/airat/ros2_ws/src/install/custom_interfaces/include/custom_interfaces/custom_interfaces/action/detail/set_motor_speed__struct.h
[42.726s] -- Installing: /home/airat/ros2_ws/src/install/custom_interfaces/include/custom_interfaces/custom_interfaces/action/detail/set_motor_speed__functions.h
[42.729s] -- Installing: /home/airat/ros2_ws/src/install/custom_interfaces/include/custom_interfaces/custom_interfaces/action/detail/set_motor_speed__functions.c
[42.731s] -- Installing: /home/airat/ros2_ws/src/install/custom_interfaces/include/custom_interfaces/custom_interfaces/action/detail/set_motor_speed__type_support.h
[42.733s] -- Installing: /home/airat/ros2_ws/src/install/custom_interfaces/share/custom_interfaces/environment/library_path.sh
[42.736s] -- Installing: /home/airat/ros2_ws/src/install/custom_interfaces/share/custom_interfaces/environment/library_path.dsv
[42.738s] -- Installing: /home/airat/ros2_ws/src/install/custom_interfaces/lib/libcustom_interfaces__rosidl_generator_c.so
[42.747s] -- Set runtime path of "/home/airat/ros2_ws/src/install/custom_interfaces/lib/libcustom_interfaces__rosidl_generator_c.so" to ""
[42.747s] -- Up-to-date: /home/airat/ros2_ws/src/install/custom_interfaces/include/custom_interfaces/custom_interfaces
[42.748s] -- Up-to-date: /home/airat/ros2_ws/src/install/custom_interfaces/include/custom_interfaces/custom_interfaces/msg
[42.749s] -- Installing: /home/airat/ros2_ws/src/install/custom_interfaces/include/custom_interfaces/custom_interfaces/msg/rosidl_typesupport_fastrtps_c__visibility_control.h
[42.750s] -- Up-to-date: /home/airat/ros2_ws/src/install/custom_interfaces/include/custom_interfaces/custom_interfaces/action
[42.751s] -- Up-to-date: /home/airat/ros2_ws/src/install/custom_interfaces/include/custom_interfaces/custom_interfaces/action/detail
[42.751s] -- Installing: /home/airat/ros2_ws/src/install/custom_interfaces/include/custom_interfaces/custom_interfaces/action/detail/set_motor_speed__rosidl_typesupport_fastrtps_c.h
[42.752s] -- Installing: /home/airat/ros2_ws/src/install/custom_interfaces/lib/libcustom_interfaces__rosidl_typesupport_fastrtps_c.so
[42.755s] -- Set runtime path of "/home/airat/ros2_ws/src/install/custom_interfaces/lib/libcustom_interfaces__rosidl_typesupport_fastrtps_c.so" to ""
[42.756s] -- Up-to-date: /home/airat/ros2_ws/src/install/custom_interfaces/include/custom_interfaces/custom_interfaces
[42.756s] -- Up-to-date: /home/airat/ros2_ws/src/install/custom_interfaces/include/custom_interfaces/custom_interfaces/msg
[42.757s] -- Installing: /home/airat/ros2_ws/src/install/custom_interfaces/include/custom_interfaces/custom_interfaces/msg/rosidl_typesupport_introspection_c__visibility_control.h
[42.760s] -- Up-to-date: /home/airat/ros2_ws/src/install/custom_interfaces/include/custom_interfaces/custom_interfaces/action
[42.761s] -- Up-to-date: /home/airat/ros2_ws/src/install/custom_interfaces/include/custom_interfaces/custom_interfaces/action/detail
[42.763s] -- Installing: /home/airat/ros2_ws/src/install/custom_interfaces/include/custom_interfaces/custom_interfaces/action/detail/set_motor_speed__type_support.c
[42.765s] -- Installing: /home/airat/ros2_ws/src/install/custom_interfaces/include/custom_interfaces/custom_interfaces/action/detail/set_motor_speed__rosidl_typesupport_introspection_c.h
[42.768s] -- Installing: /home/airat/ros2_ws/src/install/custom_interfaces/lib/libcustom_interfaces__rosidl_typesupport_introspection_c.so
[42.772s] -- Set runtime path of "/home/airat/ros2_ws/src/install/custom_interfaces/lib/libcustom_interfaces__rosidl_typesupport_introspection_c.so" to ""
[42.774s] -- Installing: /home/airat/ros2_ws/src/install/custom_interfaces/lib/libcustom_interfaces__rosidl_typesupport_c.so
[42.779s] -- Set runtime path of "/home/airat/ros2_ws/src/install/custom_interfaces/lib/libcustom_interfaces__rosidl_typesupport_c.so" to ""
[42.780s] -- Up-to-date: /home/airat/ros2_ws/src/install/custom_interfaces/include/custom_interfaces/custom_interfaces
[42.781s] -- Up-to-date: /home/airat/ros2_ws/src/install/custom_interfaces/include/custom_interfaces/custom_interfaces/msg
[42.783s] -- Installing: /home/airat/ros2_ws/src/install/custom_interfaces/include/custom_interfaces/custom_interfaces/msg/rosidl_generator_cpp__visibility_control.hpp
[42.784s] -- Up-to-date: /home/airat/ros2_ws/src/install/custom_interfaces/include/custom_interfaces/custom_interfaces/action
[42.786s] -- Up-to-date: /home/airat/ros2_ws/src/install/custom_interfaces/include/custom_interfaces/custom_interfaces/action/detail
[42.787s] -- Installing: /home/airat/ros2_ws/src/install/custom_interfaces/include/custom_interfaces/custom_interfaces/action/detail/set_motor_speed__type_support.hpp
[42.789s] -- Installing: /home/airat/ros2_ws/src/install/custom_interfaces/include/custom_interfaces/custom_interfaces/action/detail/set_motor_speed__traits.hpp
[42.792s] -- Installing: /home/airat/ros2_ws/src/install/custom_interfaces/include/custom_interfaces/custom_interfaces/action/detail/set_motor_speed__struct.hpp
[42.794s] -- Installing: /home/airat/ros2_ws/src/install/custom_interfaces/include/custom_interfaces/custom_interfaces/action/detail/set_motor_speed__builder.hpp
[42.795s] -- Installing: /home/airat/ros2_ws/src/install/custom_interfaces/include/custom_interfaces/custom_interfaces/action/set_motor_speed.hpp
[42.797s] -- Up-to-date: /home/airat/ros2_ws/src/install/custom_interfaces/include/custom_interfaces/custom_interfaces
[42.797s] -- Up-to-date: /home/airat/ros2_ws/src/install/custom_interfaces/include/custom_interfaces/custom_interfaces/msg
[42.798s] -- Installing: /home/airat/ros2_ws/src/install/custom_interfaces/include/custom_interfaces/custom_interfaces/msg/rosidl_typesupport_fastrtps_cpp__visibility_control.h
[42.799s] -- Up-to-date: /home/airat/ros2_ws/src/install/custom_interfaces/include/custom_interfaces/custom_interfaces/action
[42.800s] -- Up-to-date: /home/airat/ros2_ws/src/install/custom_interfaces/include/custom_interfaces/custom_interfaces/action/detail
[42.800s] -- Installing: /home/airat/ros2_ws/src/install/custom_interfaces/include/custom_interfaces/custom_interfaces/action/detail/set_motor_speed__rosidl_typesupport_fastrtps_cpp.hpp
[42.802s] -- Installing: /home/airat/ros2_ws/src/install/custom_interfaces/include/custom_interfaces/custom_interfaces/action/detail/dds_fastrtps
[42.803s] -- Installing: /home/airat/ros2_ws/src/install/custom_interfaces/lib/libcustom_interfaces__rosidl_typesupport_fastrtps_cpp.so
[42.806s] -- Set runtime path of "/home/airat/ros2_ws/src/install/custom_interfaces/lib/libcustom_interfaces__rosidl_typesupport_fastrtps_cpp.so" to ""
[42.806s] -- Up-to-date: /home/airat/ros2_ws/src/install/custom_interfaces/include/custom_interfaces/custom_interfaces
[42.807s] -- Up-to-date: /home/airat/ros2_ws/src/install/custom_interfaces/include/custom_interfaces/custom_interfaces/action
[42.807s] -- Up-to-date: /home/airat/ros2_ws/src/install/custom_interfaces/include/custom_interfaces/custom_interfaces/action/detail
[42.808s] -- Installing: /home/airat/ros2_ws/src/install/custom_interfaces/include/custom_interfaces/custom_interfaces/action/detail/set_motor_speed__rosidl_typesupport_introspection_cpp.hpp
[42.809s] -- Installing: /home/airat/ros2_ws/src/install/custom_interfaces/include/custom_interfaces/custom_interfaces/action/detail/set_motor_speed__type_support.cpp
[42.811s] -- Installing: /home/airat/ros2_ws/src/install/custom_interfaces/lib/libcustom_interfaces__rosidl_typesupport_introspection_cpp.so
[42.815s] -- Set runtime path of "/home/airat/ros2_ws/src/install/custom_interfaces/lib/libcustom_interfaces__rosidl_typesupport_introspection_cpp.so" to ""
[42.815s] -- Installing: /home/airat/ros2_ws/src/install/custom_interfaces/lib/libcustom_interfaces__rosidl_typesupport_cpp.so
[42.818s] -- Set runtime path of "/home/airat/ros2_ws/src/install/custom_interfaces/lib/libcustom_interfaces__rosidl_typesupport_cpp.so" to ""
[42.818s] -- Installing: /home/airat/ros2_ws/src/install/custom_interfaces/share/custom_interfaces/environment/pythonpath.sh
[42.819s] -- Installing: /home/airat/ros2_ws/src/install/custom_interfaces/share/custom_interfaces/environment/pythonpath.dsv
[42.820s] -- Installing: /home/airat/ros2_ws/src/install/custom_interfaces/local/lib/python3.10/dist-packages/custom_interfaces-0.0.0-py3.10.egg-info
[42.822s] -- Installing: /home/airat/ros2_ws/src/install/custom_interfaces/local/lib/python3.10/dist-packages/custom_interfaces-0.0.0-py3.10.egg-info/PKG-INFO
[42.823s] -- Installing: /home/airat/ros2_ws/src/install/custom_interfaces/local/lib/python3.10/dist-packages/custom_interfaces-0.0.0-py3.10.egg-info/top_level.txt
[42.824s] -- Installing: /home/airat/ros2_ws/src/install/custom_interfaces/local/lib/python3.10/dist-packages/custom_interfaces-0.0.0-py3.10.egg-info/dependency_links.txt
[42.826s] -- Installing: /home/airat/ros2_ws/src/install/custom_interfaces/local/lib/python3.10/dist-packages/custom_interfaces-0.0.0-py3.10.egg-info/SOURCES.txt
[42.827s] -- Installing: /home/airat/ros2_ws/src/install/custom_interfaces/local/lib/python3.10/dist-packages/custom_interfaces
[42.833s] -- Installing: /home/airat/ros2_ws/src/install/custom_interfaces/local/lib/python3.10/dist-packages/custom_interfaces/custom_interfaces_s__rosidl_typesupport_introspection_c.cpython-310-aarch64-linux-gnu.so
[42.834s] -- Installing: /home/airat/ros2_ws/src/install/custom_interfaces/local/lib/python3.10/dist-packages/custom_interfaces/action
[42.835s] -- Installing: /home/airat/ros2_ws/src/install/custom_interfaces/local/lib/python3.10/dist-packages/custom_interfaces/action/__init__.py
[42.836s] -- Installing: /home/airat/ros2_ws/src/install/custom_interfaces/local/lib/python3.10/dist-packages/custom_interfaces/action/_set_motor_speed.py
[42.837s] -- Installing: /home/airat/ros2_ws/src/install/custom_interfaces/local/lib/python3.10/dist-packages/custom_interfaces/action/_set_motor_speed_s.c
[42.837s] -- Installing: /home/airat/ros2_ws/src/install/custom_interfaces/local/lib/python3.10/dist-packages/custom_interfaces/libcustom_interfaces__rosidl_generator_py.so
[42.838s] -- Installing: /home/airat/ros2_ws/src/install/custom_interfaces/local/lib/python3.10/dist-packages/custom_interfaces/_custom_interfaces_s.ep.rosidl_typesupport_c.c
[42.842s] -- Installing: /home/airat/ros2_ws/src/install/custom_interfaces/local/lib/python3.10/dist-packages/custom_interfaces/_custom_interfaces_s.ep.rosidl_typesupport_introspection_c.c
[42.847s] -- Installing: /home/airat/ros2_ws/src/install/custom_interfaces/local/lib/python3.10/dist-packages/custom_interfaces/_custom_interfaces_s.ep.rosidl_typesupport_fastrtps_c.c
[42.856s] -- Installing: /home/airat/ros2_ws/src/install/custom_interfaces/local/lib/python3.10/dist-packages/custom_interfaces/__init__.py
[42.858s] -- Installing: /home/airat/ros2_ws/src/install/custom_interfaces/local/lib/python3.10/dist-packages/custom_interfaces/custom_interfaces_s__rosidl_typesupport_fastrtps_c.cpython-310-aarch64-linux-gnu.so
[42.858s] -- Installing: /home/airat/ros2_ws/src/install/custom_interfaces/local/lib/python3.10/dist-packages/custom_interfaces/custom_interfaces_s__rosidl_typesupport_c.cpython-310-aarch64-linux-gnu.so
[43.108s] Listing '/home/airat/ros2_ws/src/install/custom_interfaces/local/lib/python3.10/dist-packages/custom_interfaces'...
[43.109s] Compiling '/home/airat/ros2_ws/src/install/custom_interfaces/local/lib/python3.10/dist-packages/custom_interfaces/__init__.py'...
[43.111s] Listing '/home/airat/ros2_ws/src/install/custom_interfaces/local/lib/python3.10/dist-packages/custom_interfaces/action'...
[43.116s] Compiling '/home/airat/ros2_ws/src/install/custom_interfaces/local/lib/python3.10/dist-packages/custom_interfaces/action/__init__.py'...
[43.118s] Compiling '/home/airat/ros2_ws/src/install/custom_interfaces/local/lib/python3.10/dist-packages/custom_interfaces/action/_set_motor_speed.py'...
[43.158s] -- Installing: /home/airat/ros2_ws/src/install/custom_interfaces/local/lib/python3.10/dist-packages/custom_interfaces/custom_interfaces_s__rosidl_typesupport_fastrtps_c.cpython-310-aarch64-linux-gnu.so
[43.158s] -- Set runtime path of "/home/airat/ros2_ws/src/install/custom_interfaces/local/lib/python3.10/dist-packages/custom_interfaces/custom_interfaces_s__rosidl_typesupport_fastrtps_c.cpython-310-aarch64-linux-gnu.so" to ""
[43.160s] -- Installing: /home/airat/ros2_ws/src/install/custom_interfaces/local/lib/python3.10/dist-packages/custom_interfaces/custom_interfaces_s__rosidl_typesupport_introspection_c.cpython-310-aarch64-linux-gnu.so
[43.162s] -- Set runtime path of "/home/airat/ros2_ws/src/install/custom_interfaces/local/lib/python3.10/dist-packages/custom_interfaces/custom_interfaces_s__rosidl_typesupport_introspection_c.cpython-310-aarch64-linux-gnu.so" to ""
[43.164s] -- Installing: /home/airat/ros2_ws/src/install/custom_interfaces/local/lib/python3.10/dist-packages/custom_interfaces/custom_interfaces_s__rosidl_typesupport_c.cpython-310-aarch64-linux-gnu.so
[43.167s] -- Set runtime path of "/home/airat/ros2_ws/src/install/custom_interfaces/local/lib/python3.10/dist-packages/custom_interfaces/custom_interfaces_s__rosidl_typesupport_c.cpython-310-aarch64-linux-gnu.so" to ""
[43.168s] -- Installing: /home/airat/ros2_ws/src/install/custom_interfaces/lib/libcustom_interfaces__rosidl_generator_py.so
[43.171s] -- Set runtime path of "/home/airat/ros2_ws/src/install/custom_interfaces/lib/libcustom_interfaces__rosidl_generator_py.so" to ""
[43.171s] -- Installing: /home/airat/ros2_ws/src/install/custom_interfaces/share/custom_interfaces/action/SetMotorSpeed.idl
[43.173s] -- Installing: /home/airat/ros2_ws/src/install/custom_interfaces/share/custom_interfaces/action/SetMotorSpeed.action
[43.174s] -- Installing: /home/airat/ros2_ws/src/install/custom_interfaces/share/ament_index/resource_index/package_run_dependencies/custom_interfaces
[43.176s] -- Installing: /home/airat/ros2_ws/src/install/custom_interfaces/share/ament_index/resource_index/parent_prefix_path/custom_interfaces
[43.178s] -- Installing: /home/airat/ros2_ws/src/install/custom_interfaces/share/custom_interfaces/environment/ament_prefix_path.sh
[43.179s] -- Installing: /home/airat/ros2_ws/src/install/custom_interfaces/share/custom_interfaces/environment/ament_prefix_path.dsv
[43.180s] -- Installing: /home/airat/ros2_ws/src/install/custom_interfaces/share/custom_interfaces/environment/path.sh
[43.182s] -- Installing: /home/airat/ros2_ws/src/install/custom_interfaces/share/custom_interfaces/environment/path.dsv
[43.183s] -- Installing: /home/airat/ros2_ws/src/install/custom_interfaces/share/custom_interfaces/local_setup.bash
[43.184s] -- Installing: /home/airat/ros2_ws/src/install/custom_interfaces/share/custom_interfaces/local_setup.sh
[43.186s] -- Installing: /home/airat/ros2_ws/src/install/custom_interfaces/share/custom_interfaces/local_setup.zsh
[43.187s] -- Installing: /home/airat/ros2_ws/src/install/custom_interfaces/share/custom_interfaces/local_setup.dsv
[43.188s] -- Installing: /home/airat/ros2_ws/src/install/custom_interfaces/share/custom_interfaces/package.dsv
[43.190s] -- Installing: /home/airat/ros2_ws/src/install/custom_interfaces/share/ament_index/resource_index/packages/custom_interfaces
[43.192s] -- Installing: /home/airat/ros2_ws/src/install/custom_interfaces/share/custom_interfaces/cmake/export_custom_interfaces__rosidl_generator_cExport.cmake
[43.193s] -- Installing: /home/airat/ros2_ws/src/install/custom_interfaces/share/custom_interfaces/cmake/export_custom_interfaces__rosidl_generator_cExport-noconfig.cmake
[43.195s] -- Installing: /home/airat/ros2_ws/src/install/custom_interfaces/share/custom_interfaces/cmake/export_custom_interfaces__rosidl_typesupport_fastrtps_cExport.cmake
[43.196s] -- Installing: /home/airat/ros2_ws/src/install/custom_interfaces/share/custom_interfaces/cmake/export_custom_interfaces__rosidl_typesupport_fastrtps_cExport-noconfig.cmake
[43.198s] -- Installing: /home/airat/ros2_ws/src/install/custom_interfaces/share/custom_interfaces/cmake/custom_interfaces__rosidl_typesupport_introspection_cExport.cmake
[43.200s] -- Installing: /home/airat/ros2_ws/src/install/custom_interfaces/share/custom_interfaces/cmake/custom_interfaces__rosidl_typesupport_introspection_cExport-noconfig.cmake
[43.202s] -- Installing: /home/airat/ros2_ws/src/install/custom_interfaces/share/custom_interfaces/cmake/custom_interfaces__rosidl_typesupport_cExport.cmake
[43.203s] -- Installing: /home/airat/ros2_ws/src/install/custom_interfaces/share/custom_interfaces/cmake/custom_interfaces__rosidl_typesupport_cExport-noconfig.cmake
[43.205s] -- Installing: /home/airat/ros2_ws/src/install/custom_interfaces/share/custom_interfaces/cmake/export_custom_interfaces__rosidl_generator_cppExport.cmake
[43.211s] -- Installing: /home/airat/ros2_ws/src/install/custom_interfaces/share/custom_interfaces/cmake/export_custom_interfaces__rosidl_typesupport_fastrtps_cppExport.cmake
[43.214s] -- Installing: /home/airat/ros2_ws/src/install/custom_interfaces/share/custom_interfaces/cmake/export_custom_interfaces__rosidl_typesupport_fastrtps_cppExport-noconfig.cmake
[43.215s] -- Installing: /home/airat/ros2_ws/src/install/custom_interfaces/share/custom_interfaces/cmake/custom_interfaces__rosidl_typesupport_introspection_cppExport.cmake
[43.216s] -- Installing: /home/airat/ros2_ws/src/install/custom_interfaces/share/custom_interfaces/cmake/custom_interfaces__rosidl_typesupport_introspection_cppExport-noconfig.cmake
[43.216s] -- Installing: /home/airat/ros2_ws/src/install/custom_interfaces/share/custom_interfaces/cmake/custom_interfaces__rosidl_typesupport_cppExport.cmake
[43.219s] -- Installing: /home/airat/ros2_ws/src/install/custom_interfaces/share/custom_interfaces/cmake/custom_interfaces__rosidl_typesupport_cppExport-noconfig.cmake
[43.223s] -- Installing: /home/airat/ros2_ws/src/install/custom_interfaces/share/custom_interfaces/cmake/export_custom_interfaces__rosidl_generator_pyExport.cmake
[43.226s] -- Installing: /home/airat/ros2_ws/src/install/custom_interfaces/share/custom_interfaces/cmake/export_custom_interfaces__rosidl_generator_pyExport-noconfig.cmake
[43.232s] -- Installing: /home/airat/ros2_ws/src/install/custom_interfaces/share/custom_interfaces/cmake/rosidl_cmake-extras.cmake
[43.232s] -- Installing: /home/airat/ros2_ws/src/install/custom_interfaces/share/custom_interfaces/cmake/ament_cmake_export_dependencies-extras.cmake
[43.233s] -- Installing: /home/airat/ros2_ws/src/install/custom_interfaces/share/custom_interfaces/cmake/ament_cmake_export_include_directories-extras.cmake
[43.233s] -- Installing: /home/airat/ros2_ws/src/install/custom_interfaces/share/custom_interfaces/cmake/ament_cmake_export_libraries-extras.cmake
[43.234s] -- Installing: /home/airat/ros2_ws/src/install/custom_interfaces/share/custom_interfaces/cmake/ament_cmake_export_targets-extras.cmake
[43.234s] -- Installing: /home/airat/ros2_ws/src/install/custom_interfaces/share/custom_interfaces/cmake/rosidl_cmake_export_typesupport_targets-extras.cmake
[43.236s] -- Installing: /home/airat/ros2_ws/src/install/custom_interfaces/share/custom_interfaces/cmake/rosidl_cmake_export_typesupport_libraries-extras.cmake
[43.237s] -- Installing: /home/airat/ros2_ws/src/install/custom_interfaces/share/custom_interfaces/cmake/custom_interfacesConfig.cmake
[43.238s] -- Installing: /home/airat/ros2_ws/src/install/custom_interfaces/share/custom_interfaces/cmake/custom_interfacesConfig-version.cmake
[43.240s] -- Installing: /home/airat/ros2_ws/src/install/custom_interfaces/share/custom_interfaces/package.xml
[43.260s] Invoked command in '/home/airat/ros2_ws/src/build/custom_interfaces' returned '0': CMAKE_PREFIX_PATH=${CMAKE_PREFIX_PATH}:/home/airat/ros2_ws/src/install/mpu6050_reader:/home/airat/ros2_ws/src/install/lqr_control:/home/airat/ros2_ws/src/install/encoders_node:/home/airat/ros2_ws/src/install/cmd_publisher:/opt/ros/humble /usr/bin/cmake --install /home/airat/ros2_ws/src/build/custom_interfaces
