[1.803s] DEBUG:colcon:Command line arguments: ['/usr/bin/colcon', 'build']
[1.804s] DEBUG:colcon:Parsed command line arguments: Namespace(log_base=None, log_level=None, verb_name='build', build_base='build', install_base='install', merge_install=False, symlink_install=False, test_result_base=None, continue_on_error=False, executor='parallel', parallel_workers=4, event_handlers=None, ignore_user_meta=False, metas=['./colcon.meta'], base_paths=['.'], packages_ignore=None, packages_ignore_regex=None, paths=None, packages_up_to=None, packages_up_to_regex=None, packages_above=None, packages_above_and_dependencies=None, packages_above_depth=None, packages_select_by_dep=None, packages_skip_by_dep=None, packages_skip_up_to=None, packages_select_build_failed=False, packages_skip_build_finished=False, packages_select_test_failures=False, packages_skip_test_passed=False, packages_select=None, packages_skip=None, packages_select_regex=None, packages_skip_regex=None, packages_start=None, packages_end=None, allow_overriding=[], cmake_args=None, cmake_target=None, cmake_target_skip_unavailable=False, cmake_clean_cache=False, cmake_clean_first=False, cmake_force_configure=False, ament_cmake_args=None, catkin_cmake_args=None, catkin_skip_building_tests=False, mixin_files=None, mixin=None, verb_parser=<colcon_mixin.mixin.mixin_argument.MixinArgumentDecorator object at 0xffff96359840>, verb_extension=<colcon_core.verb.build.BuildVerb object at 0xffff96359390>, main=<bound method BuildVerb.main of <colcon_core.verb.build.BuildVerb object at 0xffff96359390>>, mixin_verb=('build',))
[2.110s] Level 1:colcon.colcon_core.package_discovery:discover_packages(colcon_meta) check parameters
[2.111s] Level 1:colcon.colcon_core.package_discovery:discover_packages(recursive) check parameters
[2.111s] Level 1:colcon.colcon_core.package_discovery:discover_packages(ignore) check parameters
[2.111s] Level 1:colcon.colcon_core.package_discovery:discover_packages(path) check parameters
[2.111s] Level 1:colcon.colcon_core.package_discovery:discover_packages(colcon_meta) discover
[2.112s] Level 1:colcon.colcon_core.package_discovery:discover_packages(recursive) discover
[2.112s] INFO:colcon.colcon_core.package_discovery:Crawling recursively for packages in '/home/airat/ros2_ws/src'
[2.112s] Level 1:colcon.colcon_core.package_identification:_identify(.) by extensions ['ignore', 'ignore_ament_install']
[2.113s] Level 1:colcon.colcon_core.package_identification:_identify(.) by extension 'ignore'
[2.113s] Level 1:colcon.colcon_core.package_identification:_identify(.) by extension 'ignore_ament_install'
[2.114s] Level 1:colcon.colcon_core.package_identification:_identify(.) by extensions ['colcon_pkg']
[2.114s] Level 1:colcon.colcon_core.package_identification:_identify(.) by extension 'colcon_pkg'
[2.114s] Level 1:colcon.colcon_core.package_identification:_identify(.) by extensions ['colcon_meta']
[2.114s] Level 1:colcon.colcon_core.package_identification:_identify(.) by extension 'colcon_meta'
[2.114s] Level 1:colcon.colcon_core.package_identification:_identify(.) by extensions ['ros']
[2.114s] Level 1:colcon.colcon_core.package_identification:_identify(.) by extension 'ros'
[2.268s] Level 1:colcon.colcon_core.package_identification:_identify(.) by extensions ['cmake', 'python']
[2.268s] Level 1:colcon.colcon_core.package_identification:_identify(.) by extension 'cmake'
[2.268s] Level 1:colcon.colcon_core.package_identification:_identify(.) by extension 'python'
[2.268s] Level 1:colcon.colcon_core.package_identification:_identify(.) by extensions ['python_setup_py']
[2.268s] Level 1:colcon.colcon_core.package_identification:_identify(.) by extension 'python_setup_py'
[2.269s] Level 1:colcon.colcon_core.package_identification:_identify(build) by extensions ['ignore', 'ignore_ament_install']
[2.269s] Level 1:colcon.colcon_core.package_identification:_identify(build) by extension 'ignore'
[2.269s] Level 1:colcon.colcon_core.package_identification:_identify(build) ignored
[2.271s] Level 1:colcon.colcon_core.package_identification:_identify(cmd_publisher) by extensions ['ignore', 'ignore_ament_install']
[2.271s] Level 1:colcon.colcon_core.package_identification:_identify(cmd_publisher) by extension 'ignore'
[2.271s] Level 1:colcon.colcon_core.package_identification:_identify(cmd_publisher) by extension 'ignore_ament_install'
[2.272s] Level 1:colcon.colcon_core.package_identification:_identify(cmd_publisher) by extensions ['colcon_pkg']
[2.272s] Level 1:colcon.colcon_core.package_identification:_identify(cmd_publisher) by extension 'colcon_pkg'
[2.272s] Level 1:colcon.colcon_core.package_identification:_identify(cmd_publisher) by extensions ['colcon_meta']
[2.272s] Level 1:colcon.colcon_core.package_identification:_identify(cmd_publisher) by extension 'colcon_meta'
[2.272s] Level 1:colcon.colcon_core.package_identification:_identify(cmd_publisher) by extensions ['ros']
[2.272s] Level 1:colcon.colcon_core.package_identification:_identify(cmd_publisher) by extension 'ros'
[2.286s] DEBUG:colcon.colcon_core.package_identification:Package 'cmd_publisher' with type 'ros.ament_python' and name 'cmd_publisher'
[2.287s] Level 1:colcon.colcon_core.package_identification:_identify(custom_interfaces) by extensions ['ignore', 'ignore_ament_install']
[2.288s] Level 1:colcon.colcon_core.package_identification:_identify(custom_interfaces) by extension 'ignore'
[2.288s] Level 1:colcon.colcon_core.package_identification:_identify(custom_interfaces) by extension 'ignore_ament_install'
[2.288s] Level 1:colcon.colcon_core.package_identification:_identify(custom_interfaces) by extensions ['colcon_pkg']
[2.288s] Level 1:colcon.colcon_core.package_identification:_identify(custom_interfaces) by extension 'colcon_pkg'
[2.289s] Level 1:colcon.colcon_core.package_identification:_identify(custom_interfaces) by extensions ['colcon_meta']
[2.289s] Level 1:colcon.colcon_core.package_identification:_identify(custom_interfaces) by extension 'colcon_meta'
[2.289s] Level 1:colcon.colcon_core.package_identification:_identify(custom_interfaces) by extensions ['ros']
[2.289s] Level 1:colcon.colcon_core.package_identification:_identify(custom_interfaces) by extension 'ros'
[2.293s] DEBUG:colcon.colcon_core.package_identification:Package 'custom_interfaces' with type 'ros.ament_cmake' and name 'custom_interfaces'
[2.294s] Level 1:colcon.colcon_core.package_identification:_identify(encoders_node) by extensions ['ignore', 'ignore_ament_install']
[2.294s] Level 1:colcon.colcon_core.package_identification:_identify(encoders_node) by extension 'ignore'
[2.295s] Level 1:colcon.colcon_core.package_identification:_identify(encoders_node) by extension 'ignore_ament_install'
[2.295s] Level 1:colcon.colcon_core.package_identification:_identify(encoders_node) by extensions ['colcon_pkg']
[2.295s] Level 1:colcon.colcon_core.package_identification:_identify(encoders_node) by extension 'colcon_pkg'
[2.295s] Level 1:colcon.colcon_core.package_identification:_identify(encoders_node) by extensions ['colcon_meta']
[2.295s] Level 1:colcon.colcon_core.package_identification:_identify(encoders_node) by extension 'colcon_meta'
[2.296s] Level 1:colcon.colcon_core.package_identification:_identify(encoders_node) by extensions ['ros']
[2.296s] Level 1:colcon.colcon_core.package_identification:_identify(encoders_node) by extension 'ros'
[2.299s] DEBUG:colcon.colcon_core.package_identification:Package 'encoders_node' with type 'ros.ament_python' and name 'encoders_node'
[2.300s] Level 1:colcon.colcon_core.package_identification:_identify(install) by extensions ['ignore', 'ignore_ament_install']
[2.300s] Level 1:colcon.colcon_core.package_identification:_identify(install) by extension 'ignore'
[2.301s] Level 1:colcon.colcon_core.package_identification:_identify(install) ignored
[2.301s] Level 1:colcon.colcon_core.package_identification:_identify(log) by extensions ['ignore', 'ignore_ament_install']
[2.301s] Level 1:colcon.colcon_core.package_identification:_identify(log) by extension 'ignore'
[2.302s] Level 1:colcon.colcon_core.package_identification:_identify(log) ignored
[2.302s] Level 1:colcon.colcon_core.package_identification:_identify(lqr_control) by extensions ['ignore', 'ignore_ament_install']
[2.302s] Level 1:colcon.colcon_core.package_identification:_identify(lqr_control) by extension 'ignore'
[2.303s] Level 1:colcon.colcon_core.package_identification:_identify(lqr_control) by extension 'ignore_ament_install'
[2.303s] Level 1:colcon.colcon_core.package_identification:_identify(lqr_control) by extensions ['colcon_pkg']
[2.303s] Level 1:colcon.colcon_core.package_identification:_identify(lqr_control) by extension 'colcon_pkg'
[2.303s] Level 1:colcon.colcon_core.package_identification:_identify(lqr_control) by extensions ['colcon_meta']
[2.303s] Level 1:colcon.colcon_core.package_identification:_identify(lqr_control) by extension 'colcon_meta'
[2.304s] Level 1:colcon.colcon_core.package_identification:_identify(lqr_control) by extensions ['ros']
[2.304s] Level 1:colcon.colcon_core.package_identification:_identify(lqr_control) by extension 'ros'
[2.308s] DEBUG:colcon.colcon_core.package_identification:Package 'lqr_control' with type 'ros.ament_python' and name 'lqr_control'
[2.310s] Level 1:colcon.colcon_core.package_identification:_identify(mpu6050_reader) by extensions ['ignore', 'ignore_ament_install']
[2.310s] Level 1:colcon.colcon_core.package_identification:_identify(mpu6050_reader) by extension 'ignore'
[2.310s] Level 1:colcon.colcon_core.package_identification:_identify(mpu6050_reader) by extension 'ignore_ament_install'
[2.310s] Level 1:colcon.colcon_core.package_identification:_identify(mpu6050_reader) by extensions ['colcon_pkg']
[2.311s] Level 1:colcon.colcon_core.package_identification:_identify(mpu6050_reader) by extension 'colcon_pkg'
[2.311s] Level 1:colcon.colcon_core.package_identification:_identify(mpu6050_reader) by extensions ['colcon_meta']
[2.311s] Level 1:colcon.colcon_core.package_identification:_identify(mpu6050_reader) by extension 'colcon_meta'
[2.311s] Level 1:colcon.colcon_core.package_identification:_identify(mpu6050_reader) by extensions ['ros']
[2.311s] Level 1:colcon.colcon_core.package_identification:_identify(mpu6050_reader) by extension 'ros'
[2.314s] DEBUG:colcon.colcon_core.package_identification:Package 'mpu6050_reader' with type 'ros.ament_python' and name 'mpu6050_reader'
[2.314s] Level 1:colcon.colcon_core.package_discovery:discover_packages(recursive) using defaults
[2.315s] Level 1:colcon.colcon_core.package_discovery:discover_packages(ignore) discover
[2.315s] Level 1:colcon.colcon_core.package_discovery:discover_packages(ignore) using defaults
[2.315s] Level 1:colcon.colcon_core.package_discovery:discover_packages(path) discover
[2.315s] Level 1:colcon.colcon_core.package_discovery:discover_packages(path) using defaults
[2.438s] Level 1:colcon.colcon_core.package_discovery:discover_packages(prefix_path) check parameters
[2.438s] Level 1:colcon.colcon_core.package_discovery:discover_packages(prefix_path) discover
[2.447s] WARNING:colcon.colcon_ros.prefix_path.ament:The path '/home/airat/ros2_ws/src/install/mpu6050_reader' in the environment variable AMENT_PREFIX_PATH doesn't exist
[2.447s] WARNING:colcon.colcon_ros.prefix_path.ament:The path '/home/airat/ros2_ws/src/install/lqr_control' in the environment variable AMENT_PREFIX_PATH doesn't exist
[2.447s] WARNING:colcon.colcon_ros.prefix_path.ament:The path '/home/airat/ros2_ws/src/install/encoders_node' in the environment variable AMENT_PREFIX_PATH doesn't exist
[2.448s] WARNING:colcon.colcon_ros.prefix_path.ament:The path '/home/airat/ros2_ws/src/install/custom_interfaces' in the environment variable AMENT_PREFIX_PATH doesn't exist
[2.448s] WARNING:colcon.colcon_ros.prefix_path.ament:The path '/home/airat/ros2_ws/src/install/cmd_publisher' in the environment variable AMENT_PREFIX_PATH doesn't exist
[2.448s] WARNING:colcon.colcon_ros.prefix_path.catkin:The path '/home/airat/ros2_ws/src/install/custom_interfaces' in the environment variable CMAKE_PREFIX_PATH doesn't exist
[2.453s] DEBUG:colcon.colcon_installed_package_information.package_discovery:Found 0 installed packages in /home/airat/ros2_ws/src/install
[2.463s] DEBUG:colcon.colcon_installed_package_information.package_discovery:Found 271 installed packages in /opt/ros/humble
[2.530s] Level 1:colcon.colcon_core.package_discovery:discover_packages(prefix_path) using defaults
[2.697s] Level 5:colcon.colcon_core.verb:set package 'cmd_publisher' build argument 'cmake_args' from command line to 'None'
[2.697s] Level 5:colcon.colcon_core.verb:set package 'cmd_publisher' build argument 'cmake_target' from command line to 'None'
[2.697s] Level 5:colcon.colcon_core.verb:set package 'cmd_publisher' build argument 'cmake_target_skip_unavailable' from command line to 'False'
[2.698s] Level 5:colcon.colcon_core.verb:set package 'cmd_publisher' build argument 'cmake_clean_cache' from command line to 'False'
[2.698s] Level 5:colcon.colcon_core.verb:set package 'cmd_publisher' build argument 'cmake_clean_first' from command line to 'False'
[2.698s] Level 5:colcon.colcon_core.verb:set package 'cmd_publisher' build argument 'cmake_force_configure' from command line to 'False'
[2.698s] Level 5:colcon.colcon_core.verb:set package 'cmd_publisher' build argument 'ament_cmake_args' from command line to 'None'
[2.698s] Level 5:colcon.colcon_core.verb:set package 'cmd_publisher' build argument 'catkin_cmake_args' from command line to 'None'
[2.698s] Level 5:colcon.colcon_core.verb:set package 'cmd_publisher' build argument 'catkin_skip_building_tests' from command line to 'False'
[2.698s] DEBUG:colcon.colcon_core.verb:Building package 'cmd_publisher' with the following arguments: {'ament_cmake_args': None, 'build_base': '/home/airat/ros2_ws/src/build/cmd_publisher', 'catkin_cmake_args': None, 'catkin_skip_building_tests': False, 'cmake_args': None, 'cmake_clean_cache': False, 'cmake_clean_first': False, 'cmake_force_configure': False, 'cmake_target': None, 'cmake_target_skip_unavailable': False, 'install_base': '/home/airat/ros2_ws/src/install/cmd_publisher', 'merge_install': False, 'path': '/home/airat/ros2_ws/src/cmd_publisher', 'symlink_install': False, 'test_result_base': None}
[2.700s] Level 5:colcon.colcon_core.verb:set package 'custom_interfaces' build argument 'cmake_args' from command line to 'None'
[2.700s] Level 5:colcon.colcon_core.verb:set package 'custom_interfaces' build argument 'cmake_target' from command line to 'None'
[2.700s] Level 5:colcon.colcon_core.verb:set package 'custom_interfaces' build argument 'cmake_target_skip_unavailable' from command line to 'False'
[2.700s] Level 5:colcon.colcon_core.verb:set package 'custom_interfaces' build argument 'cmake_clean_cache' from command line to 'False'
[2.700s] Level 5:colcon.colcon_core.verb:set package 'custom_interfaces' build argument 'cmake_clean_first' from command line to 'False'
[2.700s] Level 5:colcon.colcon_core.verb:set package 'custom_interfaces' build argument 'cmake_force_configure' from command line to 'False'
[2.700s] Level 5:colcon.colcon_core.verb:set package 'custom_interfaces' build argument 'ament_cmake_args' from command line to 'None'
[2.700s] Level 5:colcon.colcon_core.verb:set package 'custom_interfaces' build argument 'catkin_cmake_args' from command line to 'None'
[2.701s] Level 5:colcon.colcon_core.verb:set package 'custom_interfaces' build argument 'catkin_skip_building_tests' from command line to 'False'
[2.701s] DEBUG:colcon.colcon_core.verb:Building package 'custom_interfaces' with the following arguments: {'ament_cmake_args': None, 'build_base': '/home/airat/ros2_ws/src/build/custom_interfaces', 'catkin_cmake_args': None, 'catkin_skip_building_tests': False, 'cmake_args': None, 'cmake_clean_cache': False, 'cmake_clean_first': False, 'cmake_force_configure': False, 'cmake_target': None, 'cmake_target_skip_unavailable': False, 'install_base': '/home/airat/ros2_ws/src/install/custom_interfaces', 'merge_install': False, 'path': '/home/airat/ros2_ws/src/custom_interfaces', 'symlink_install': False, 'test_result_base': None}
[2.702s] Level 5:colcon.colcon_core.verb:set package 'encoders_node' build argument 'cmake_args' from command line to 'None'
[2.702s] Level 5:colcon.colcon_core.verb:set package 'encoders_node' build argument 'cmake_target' from command line to 'None'
[2.702s] Level 5:colcon.colcon_core.verb:set package 'encoders_node' build argument 'cmake_target_skip_unavailable' from command line to 'False'
[2.702s] Level 5:colcon.colcon_core.verb:set package 'encoders_node' build argument 'cmake_clean_cache' from command line to 'False'
[2.703s] Level 5:colcon.colcon_core.verb:set package 'encoders_node' build argument 'cmake_clean_first' from command line to 'False'
[2.703s] Level 5:colcon.colcon_core.verb:set package 'encoders_node' build argument 'cmake_force_configure' from command line to 'False'
[2.703s] Level 5:colcon.colcon_core.verb:set package 'encoders_node' build argument 'ament_cmake_args' from command line to 'None'
[2.703s] Level 5:colcon.colcon_core.verb:set package 'encoders_node' build argument 'catkin_cmake_args' from command line to 'None'
[2.703s] Level 5:colcon.colcon_core.verb:set package 'encoders_node' build argument 'catkin_skip_building_tests' from command line to 'False'
[2.703s] DEBUG:colcon.colcon_core.verb:Building package 'encoders_node' with the following arguments: {'ament_cmake_args': None, 'build_base': '/home/airat/ros2_ws/src/build/encoders_node', 'catkin_cmake_args': None, 'catkin_skip_building_tests': False, 'cmake_args': None, 'cmake_clean_cache': False, 'cmake_clean_first': False, 'cmake_force_configure': False, 'cmake_target': None, 'cmake_target_skip_unavailable': False, 'install_base': '/home/airat/ros2_ws/src/install/encoders_node', 'merge_install': False, 'path': '/home/airat/ros2_ws/src/encoders_node', 'symlink_install': False, 'test_result_base': None}
[2.705s] Level 5:colcon.colcon_core.verb:set package 'mpu6050_reader' build argument 'cmake_args' from command line to 'None'
[2.705s] Level 5:colcon.colcon_core.verb:set package 'mpu6050_reader' build argument 'cmake_target' from command line to 'None'
[2.705s] Level 5:colcon.colcon_core.verb:set package 'mpu6050_reader' build argument 'cmake_target_skip_unavailable' from command line to 'False'
[2.705s] Level 5:colcon.colcon_core.verb:set package 'mpu6050_reader' build argument 'cmake_clean_cache' from command line to 'False'
[2.705s] Level 5:colcon.colcon_core.verb:set package 'mpu6050_reader' build argument 'cmake_clean_first' from command line to 'False'
[2.705s] Level 5:colcon.colcon_core.verb:set package 'mpu6050_reader' build argument 'cmake_force_configure' from command line to 'False'
[2.705s] Level 5:colcon.colcon_core.verb:set package 'mpu6050_reader' build argument 'ament_cmake_args' from command line to 'None'
[2.705s] Level 5:colcon.colcon_core.verb:set package 'mpu6050_reader' build argument 'catkin_cmake_args' from command line to 'None'
[2.705s] Level 5:colcon.colcon_core.verb:set package 'mpu6050_reader' build argument 'catkin_skip_building_tests' from command line to 'False'
[2.706s] DEBUG:colcon.colcon_core.verb:Building package 'mpu6050_reader' with the following arguments: {'ament_cmake_args': None, 'build_base': '/home/airat/ros2_ws/src/build/mpu6050_reader', 'catkin_cmake_args': None, 'catkin_skip_building_tests': False, 'cmake_args': None, 'cmake_clean_cache': False, 'cmake_clean_first': False, 'cmake_force_configure': False, 'cmake_target': None, 'cmake_target_skip_unavailable': False, 'install_base': '/home/airat/ros2_ws/src/install/mpu6050_reader', 'merge_install': False, 'path': '/home/airat/ros2_ws/src/mpu6050_reader', 'symlink_install': False, 'test_result_base': None}
[2.707s] Level 5:colcon.colcon_core.verb:set package 'lqr_control' build argument 'cmake_args' from command line to 'None'
[2.707s] Level 5:colcon.colcon_core.verb:set package 'lqr_control' build argument 'cmake_target' from command line to 'None'
[2.707s] Level 5:colcon.colcon_core.verb:set package 'lqr_control' build argument 'cmake_target_skip_unavailable' from command line to 'False'
[2.707s] Level 5:colcon.colcon_core.verb:set package 'lqr_control' build argument 'cmake_clean_cache' from command line to 'False'
[2.708s] Level 5:colcon.colcon_core.verb:set package 'lqr_control' build argument 'cmake_clean_first' from command line to 'False'
[2.708s] Level 5:colcon.colcon_core.verb:set package 'lqr_control' build argument 'cmake_force_configure' from command line to 'False'
[2.708s] Level 5:colcon.colcon_core.verb:set package 'lqr_control' build argument 'ament_cmake_args' from command line to 'None'
[2.708s] Level 5:colcon.colcon_core.verb:set package 'lqr_control' build argument 'catkin_cmake_args' from command line to 'None'
[2.708s] Level 5:colcon.colcon_core.verb:set package 'lqr_control' build argument 'catkin_skip_building_tests' from command line to 'False'
[2.708s] DEBUG:colcon.colcon_core.verb:Building package 'lqr_control' with the following arguments: {'ament_cmake_args': None, 'build_base': '/home/airat/ros2_ws/src/build/lqr_control', 'catkin_cmake_args': None, 'catkin_skip_building_tests': False, 'cmake_args': None, 'cmake_clean_cache': False, 'cmake_clean_first': False, 'cmake_force_configure': False, 'cmake_target': None, 'cmake_target_skip_unavailable': False, 'install_base': '/home/airat/ros2_ws/src/install/lqr_control', 'merge_install': False, 'path': '/home/airat/ros2_ws/src/lqr_control', 'symlink_install': False, 'test_result_base': None}
[2.709s] INFO:colcon.colcon_core.executor:Executing jobs using 'parallel' executor
[2.712s] DEBUG:colcon.colcon_parallel_executor.executor.parallel:run_until_complete
[2.713s] INFO:colcon.colcon_ros.task.ament_cmake.build:Building ROS package in '/home/airat/ros2_ws/src/custom_interfaces' with build type 'ament_cmake'
[2.714s] INFO:colcon.colcon_cmake.task.cmake.build:Building CMake package in '/home/airat/ros2_ws/src/custom_interfaces'
[2.737s] INFO:colcon.colcon_core.plugin_system:Skipping extension 'colcon_core.shell.bat': Not used on non-Windows systems
[2.737s] INFO:colcon.colcon_core.shell:Skip shell extension 'powershell' for command environment: Not usable outside of PowerShell
[2.738s] DEBUG:colcon.colcon_core.shell:Skip shell extension 'dsv' for command environment
[2.780s] INFO:colcon.colcon_ros.task.ament_python.build:Building ROS package in '/home/airat/ros2_ws/src/cmd_publisher' with build type 'ament_python'
[2.780s] Level 1:colcon.colcon_core.shell:create_environment_hook('cmd_publisher', 'ament_prefix_path')
[2.781s] INFO:colcon.colcon_core.shell:Creating environment hook '/home/airat/ros2_ws/src/install/cmd_publisher/share/cmd_publisher/hook/ament_prefix_path.ps1'
[2.791s] INFO:colcon.colcon_core.shell:Creating environment descriptor '/home/airat/ros2_ws/src/install/cmd_publisher/share/cmd_publisher/hook/ament_prefix_path.dsv'
[2.794s] INFO:colcon.colcon_core.shell:Creating environment hook '/home/airat/ros2_ws/src/install/cmd_publisher/share/cmd_publisher/hook/ament_prefix_path.sh'
[2.798s] INFO:colcon.colcon_core.shell:Skip shell extension 'powershell' for command environment: Not usable outside of PowerShell
[2.798s] DEBUG:colcon.colcon_core.shell:Skip shell extension 'dsv' for command environment
[2.817s] INFO:colcon.colcon_ros.task.ament_python.build:Building ROS package in '/home/airat/ros2_ws/src/encoders_node' with build type 'ament_python'
[2.817s] Level 1:colcon.colcon_core.shell:create_environment_hook('encoders_node', 'ament_prefix_path')
[2.819s] INFO:colcon.colcon_core.shell:Creating environment hook '/home/airat/ros2_ws/src/install/encoders_node/share/encoders_node/hook/ament_prefix_path.ps1'
[2.822s] INFO:colcon.colcon_core.shell:Creating environment descriptor '/home/airat/ros2_ws/src/install/encoders_node/share/encoders_node/hook/ament_prefix_path.dsv'
[2.824s] INFO:colcon.colcon_core.shell:Creating environment hook '/home/airat/ros2_ws/src/install/encoders_node/share/encoders_node/hook/ament_prefix_path.sh'
[2.827s] INFO:colcon.colcon_core.shell:Skip shell extension 'powershell' for command environment: Not usable outside of PowerShell
[2.827s] DEBUG:colcon.colcon_core.shell:Skip shell extension 'dsv' for command environment
[2.848s] INFO:colcon.colcon_ros.task.ament_python.build:Building ROS package in '/home/airat/ros2_ws/src/mpu6050_reader' with build type 'ament_python'
[2.849s] Level 1:colcon.colcon_core.shell:create_environment_hook('mpu6050_reader', 'ament_prefix_path')
[2.850s] INFO:colcon.colcon_core.shell:Creating environment hook '/home/airat/ros2_ws/src/install/mpu6050_reader/share/mpu6050_reader/hook/ament_prefix_path.ps1'
[2.854s] INFO:colcon.colcon_core.shell:Creating environment descriptor '/home/airat/ros2_ws/src/install/mpu6050_reader/share/mpu6050_reader/hook/ament_prefix_path.dsv'
[2.860s] INFO:colcon.colcon_core.shell:Creating environment hook '/home/airat/ros2_ws/src/install/mpu6050_reader/share/mpu6050_reader/hook/ament_prefix_path.sh'
[2.867s] INFO:colcon.colcon_core.shell:Skip shell extension 'powershell' for command environment: Not usable outside of PowerShell
[2.869s] DEBUG:colcon.colcon_core.shell:Skip shell extension 'dsv' for command environment
[2.918s] DEBUG:colcon.colcon_core.event_handler.log_command:Invoking command in '/home/airat/ros2_ws/src/build/custom_interfaces': CMAKE_PREFIX_PATH=${CMAKE_PREFIX_PATH}:/home/airat/ros2_ws/src/install/mpu6050_reader:/home/airat/ros2_ws/src/install/lqr_control:/home/airat/ros2_ws/src/install/encoders_node:/home/airat/ros2_ws/src/install/cmd_publisher:/opt/ros/humble /usr/bin/cmake /home/airat/ros2_ws/src/custom_interfaces -DCMAKE_INSTALL_PREFIX=/home/airat/ros2_ws/src/install/custom_interfaces
[4.366s] INFO:colcon.colcon_core.task.python.build:Building Python package in '/home/airat/ros2_ws/src/cmd_publisher'
[4.368s] INFO:colcon.colcon_core.shell:Skip shell extension 'powershell' for command environment: Not usable outside of PowerShell
[4.368s] DEBUG:colcon.colcon_core.shell:Skip shell extension 'dsv' for command environment
[5.870s] INFO:colcon.colcon_core.task.python.build:Building Python package in '/home/airat/ros2_ws/src/encoders_node'
[5.872s] INFO:colcon.colcon_core.shell:Skip shell extension 'powershell' for command environment: Not usable outside of PowerShell
[5.872s] DEBUG:colcon.colcon_core.shell:Skip shell extension 'dsv' for command environment
[7.449s] INFO:colcon.colcon_core.task.python.build:Building Python package in '/home/airat/ros2_ws/src/mpu6050_reader'
[7.450s] INFO:colcon.colcon_core.shell:Skip shell extension 'powershell' for command environment: Not usable outside of PowerShell
[7.450s] DEBUG:colcon.colcon_core.shell:Skip shell extension 'dsv' for command environment
[13.789s] DEBUG:colcon.colcon_core.event_handler.log_command:Invoking command in '/home/airat/ros2_ws/src/encoders_node': PYTHONPATH=/home/airat/ros2_ws/src/build/encoders_node/prefix_override:/usr/lib/python3/dist-packages/colcon_core/task/python/colcon_distutils_commands:/home/airat/ros2_ws/src/install/encoders_node/lib/python3.10/site-packages:${PYTHONPATH} /usr/bin/python3 -W ignore:setup.py install is deprecated -W ignore:easy_install command is deprecated setup.py egg_info --egg-base ../build/encoders_node build --build-base /home/airat/ros2_ws/src/build/encoders_node/build install --record /home/airat/ros2_ws/src/build/encoders_node/install.log --single-version-externally-managed install_data
[13.878s] DEBUG:colcon.colcon_core.event_handler.log_command:Invoking command in '/home/airat/ros2_ws/src/cmd_publisher': PYTHONPATH=/home/airat/ros2_ws/src/build/cmd_publisher/prefix_override:/usr/lib/python3/dist-packages/colcon_core/task/python/colcon_distutils_commands:/home/airat/ros2_ws/src/install/cmd_publisher/lib/python3.10/site-packages:${PYTHONPATH} /usr/bin/python3 -W ignore:setup.py install is deprecated -W ignore:easy_install command is deprecated setup.py egg_info --egg-base ../build/cmd_publisher build --build-base /home/airat/ros2_ws/src/build/cmd_publisher/build install --record /home/airat/ros2_ws/src/build/cmd_publisher/install.log --single-version-externally-managed install_data
[14.156s] DEBUG:colcon.colcon_core.event_handler.log_command:Invoking command in '/home/airat/ros2_ws/src/mpu6050_reader': PYTHONPATH=/home/airat/ros2_ws/src/build/mpu6050_reader/prefix_override:/usr/lib/python3/dist-packages/colcon_core/task/python/colcon_distutils_commands:/home/airat/ros2_ws/src/install/mpu6050_reader/lib/python3.10/site-packages:${PYTHONPATH} /usr/bin/python3 -W ignore:setup.py install is deprecated -W ignore:easy_install command is deprecated setup.py egg_info --egg-base ../build/mpu6050_reader build --build-base /home/airat/ros2_ws/src/build/mpu6050_reader/build install --record /home/airat/ros2_ws/src/build/mpu6050_reader/install.log --single-version-externally-managed install_data
[20.088s] DEBUG:colcon.colcon_core.event_handler.log_command:Invoked command in '/home/airat/ros2_ws/src/mpu6050_reader' returned '0': PYTHONPATH=/home/airat/ros2_ws/src/build/mpu6050_reader/prefix_override:/usr/lib/python3/dist-packages/colcon_core/task/python/colcon_distutils_commands:/home/airat/ros2_ws/src/install/mpu6050_reader/lib/python3.10/site-packages:${PYTHONPATH} /usr/bin/python3 -W ignore:setup.py install is deprecated -W ignore:easy_install command is deprecated setup.py egg_info --egg-base ../build/mpu6050_reader build --build-base /home/airat/ros2_ws/src/build/mpu6050_reader/build install --record /home/airat/ros2_ws/src/build/mpu6050_reader/install.log --single-version-externally-managed install_data
[20.140s] Level 1:colcon.colcon_core.environment:checking '/home/airat/ros2_ws/src/install/mpu6050_reader' for CMake module files
[20.144s] Level 1:colcon.colcon_core.environment:checking '/home/airat/ros2_ws/src/install/mpu6050_reader' for CMake config files
[20.153s] Level 1:colcon.colcon_core.environment:checking '/home/airat/ros2_ws/src/install/mpu6050_reader/lib'
[20.156s] Level 1:colcon.colcon_core.environment:checking '/home/airat/ros2_ws/src/install/mpu6050_reader/bin'
[20.157s] Level 1:colcon.colcon_core.environment:checking '/home/airat/ros2_ws/src/install/mpu6050_reader/lib/pkgconfig/mpu6050_reader.pc'
[20.158s] Level 1:colcon.colcon_core.environment:checking '/home/airat/ros2_ws/src/install/mpu6050_reader/lib/python3.10/site-packages'
[20.159s] Level 1:colcon.colcon_core.shell:create_environment_hook('mpu6050_reader', 'pythonpath')
[20.161s] INFO:colcon.colcon_core.shell:Creating environment hook '/home/airat/ros2_ws/src/install/mpu6050_reader/share/mpu6050_reader/hook/pythonpath.ps1'
[20.164s] INFO:colcon.colcon_core.shell:Creating environment descriptor '/home/airat/ros2_ws/src/install/mpu6050_reader/share/mpu6050_reader/hook/pythonpath.dsv'
[20.166s] INFO:colcon.colcon_core.shell:Creating environment hook '/home/airat/ros2_ws/src/install/mpu6050_reader/share/mpu6050_reader/hook/pythonpath.sh'
[20.169s] Level 1:colcon.colcon_core.environment:checking '/home/airat/ros2_ws/src/install/mpu6050_reader/bin'
[20.170s] Level 1:colcon.colcon_core.environment:create_environment_scripts_only(mpu6050_reader)
[20.172s] INFO:colcon.colcon_core.shell:Creating package script '/home/airat/ros2_ws/src/install/mpu6050_reader/share/mpu6050_reader/package.ps1'
[20.177s] INFO:colcon.colcon_core.shell:Creating package descriptor '/home/airat/ros2_ws/src/install/mpu6050_reader/share/mpu6050_reader/package.dsv'
[20.189s] INFO:colcon.colcon_core.shell:Creating package script '/home/airat/ros2_ws/src/install/mpu6050_reader/share/mpu6050_reader/package.sh'
[20.205s] INFO:colcon.colcon_core.shell:Creating package script '/home/airat/ros2_ws/src/install/mpu6050_reader/share/mpu6050_reader/package.bash'
[20.212s] INFO:colcon.colcon_core.shell:Creating package script '/home/airat/ros2_ws/src/install/mpu6050_reader/share/mpu6050_reader/package.zsh'
[20.221s] Level 1:colcon.colcon_core.environment:create_file_with_runtime_dependencies(/home/airat/ros2_ws/src/install/mpu6050_reader/share/colcon-core/packages/mpu6050_reader)
[20.554s] Level 1:colcon.colcon_core.environment:checking '/home/airat/ros2_ws/src/install/cmd_publisher' for CMake module files
[20.558s] DEBUG:colcon.colcon_core.event_handler.log_command:Invoked command in '/home/airat/ros2_ws/src/cmd_publisher' returned '0': PYTHONPATH=/home/airat/ros2_ws/src/build/cmd_publisher/prefix_override:/usr/lib/python3/dist-packages/colcon_core/task/python/colcon_distutils_commands:/home/airat/ros2_ws/src/install/cmd_publisher/lib/python3.10/site-packages:${PYTHONPATH} /usr/bin/python3 -W ignore:setup.py install is deprecated -W ignore:easy_install command is deprecated setup.py egg_info --egg-base ../build/cmd_publisher build --build-base /home/airat/ros2_ws/src/build/cmd_publisher/build install --record /home/airat/ros2_ws/src/build/cmd_publisher/install.log --single-version-externally-managed install_data
[20.559s] Level 1:colcon.colcon_core.environment:checking '/home/airat/ros2_ws/src/install/cmd_publisher' for CMake config files
[20.562s] Level 1:colcon.colcon_core.environment:checking '/home/airat/ros2_ws/src/install/cmd_publisher/lib'
[20.562s] Level 1:colcon.colcon_core.environment:checking '/home/airat/ros2_ws/src/install/cmd_publisher/bin'
[20.563s] Level 1:colcon.colcon_core.environment:checking '/home/airat/ros2_ws/src/install/cmd_publisher/lib/pkgconfig/cmd_publisher.pc'
[20.565s] Level 1:colcon.colcon_core.environment:checking '/home/airat/ros2_ws/src/install/cmd_publisher/lib/python3.10/site-packages'
[20.566s] Level 1:colcon.colcon_core.shell:create_environment_hook('cmd_publisher', 'pythonpath')
[20.567s] INFO:colcon.colcon_core.shell:Creating environment hook '/home/airat/ros2_ws/src/install/cmd_publisher/share/cmd_publisher/hook/pythonpath.ps1'
[20.569s] INFO:colcon.colcon_core.shell:Creating environment descriptor '/home/airat/ros2_ws/src/install/cmd_publisher/share/cmd_publisher/hook/pythonpath.dsv'
[20.571s] INFO:colcon.colcon_core.shell:Creating environment hook '/home/airat/ros2_ws/src/install/cmd_publisher/share/cmd_publisher/hook/pythonpath.sh'
[20.575s] Level 1:colcon.colcon_core.environment:checking '/home/airat/ros2_ws/src/install/cmd_publisher/bin'
[20.576s] Level 1:colcon.colcon_core.environment:create_environment_scripts_only(cmd_publisher)
[20.577s] INFO:colcon.colcon_core.shell:Creating package script '/home/airat/ros2_ws/src/install/cmd_publisher/share/cmd_publisher/package.ps1'
[20.580s] INFO:colcon.colcon_core.shell:Creating package descriptor '/home/airat/ros2_ws/src/install/cmd_publisher/share/cmd_publisher/package.dsv'
[20.583s] INFO:colcon.colcon_core.shell:Creating package script '/home/airat/ros2_ws/src/install/cmd_publisher/share/cmd_publisher/package.sh'
[20.586s] INFO:colcon.colcon_core.shell:Creating package script '/home/airat/ros2_ws/src/install/cmd_publisher/share/cmd_publisher/package.bash'
[20.589s] INFO:colcon.colcon_core.shell:Creating package script '/home/airat/ros2_ws/src/install/cmd_publisher/share/cmd_publisher/package.zsh'
[20.593s] Level 1:colcon.colcon_core.environment:create_file_with_runtime_dependencies(/home/airat/ros2_ws/src/install/cmd_publisher/share/colcon-core/packages/cmd_publisher)
[20.601s] Level 1:colcon.colcon_core.environment:checking '/home/airat/ros2_ws/src/install/encoders_node' for CMake module files
[20.610s] DEBUG:colcon.colcon_core.event_handler.log_command:Invoked command in '/home/airat/ros2_ws/src/encoders_node' returned '0': PYTHONPATH=/home/airat/ros2_ws/src/build/encoders_node/prefix_override:/usr/lib/python3/dist-packages/colcon_core/task/python/colcon_distutils_commands:/home/airat/ros2_ws/src/install/encoders_node/lib/python3.10/site-packages:${PYTHONPATH} /usr/bin/python3 -W ignore:setup.py install is deprecated -W ignore:easy_install command is deprecated setup.py egg_info --egg-base ../build/encoders_node build --build-base /home/airat/ros2_ws/src/build/encoders_node/build install --record /home/airat/ros2_ws/src/build/encoders_node/install.log --single-version-externally-managed install_data
[20.614s] Level 1:colcon.colcon_core.environment:checking '/home/airat/ros2_ws/src/install/encoders_node' for CMake config files
[20.617s] Level 1:colcon.colcon_core.environment:checking '/home/airat/ros2_ws/src/install/encoders_node/lib'
[20.618s] Level 1:colcon.colcon_core.environment:checking '/home/airat/ros2_ws/src/install/encoders_node/bin'
[20.619s] Level 1:colcon.colcon_core.environment:checking '/home/airat/ros2_ws/src/install/encoders_node/lib/pkgconfig/encoders_node.pc'
[20.621s] Level 1:colcon.colcon_core.environment:checking '/home/airat/ros2_ws/src/install/encoders_node/lib/python3.10/site-packages'
[20.621s] Level 1:colcon.colcon_core.shell:create_environment_hook('encoders_node', 'pythonpath')
[20.624s] INFO:colcon.colcon_core.shell:Creating environment hook '/home/airat/ros2_ws/src/install/encoders_node/share/encoders_node/hook/pythonpath.ps1'
[20.626s] INFO:colcon.colcon_core.shell:Creating environment descriptor '/home/airat/ros2_ws/src/install/encoders_node/share/encoders_node/hook/pythonpath.dsv'
[20.628s] INFO:colcon.colcon_core.shell:Creating environment hook '/home/airat/ros2_ws/src/install/encoders_node/share/encoders_node/hook/pythonpath.sh'
[20.631s] Level 1:colcon.colcon_core.environment:checking '/home/airat/ros2_ws/src/install/encoders_node/bin'
[20.631s] Level 1:colcon.colcon_core.environment:create_environment_scripts_only(encoders_node)
[20.633s] INFO:colcon.colcon_core.shell:Creating package script '/home/airat/ros2_ws/src/install/encoders_node/share/encoders_node/package.ps1'
[20.636s] INFO:colcon.colcon_core.shell:Creating package descriptor '/home/airat/ros2_ws/src/install/encoders_node/share/encoders_node/package.dsv'
[20.638s] INFO:colcon.colcon_core.shell:Creating package script '/home/airat/ros2_ws/src/install/encoders_node/share/encoders_node/package.sh'
[20.641s] INFO:colcon.colcon_core.shell:Creating package script '/home/airat/ros2_ws/src/install/encoders_node/share/encoders_node/package.bash'
[20.643s] INFO:colcon.colcon_core.shell:Creating package script '/home/airat/ros2_ws/src/install/encoders_node/share/encoders_node/package.zsh'
[20.645s] Level 1:colcon.colcon_core.environment:create_file_with_runtime_dependencies(/home/airat/ros2_ws/src/install/encoders_node/share/colcon-core/packages/encoders_node)
[22.730s] DEBUG:colcon.colcon_core.event_handler.log_command:Invoked command in '/home/airat/ros2_ws/src/build/custom_interfaces' returned '0': CMAKE_PREFIX_PATH=${CMAKE_PREFIX_PATH}:/home/airat/ros2_ws/src/install/mpu6050_reader:/home/airat/ros2_ws/src/install/lqr_control:/home/airat/ros2_ws/src/install/encoders_node:/home/airat/ros2_ws/src/install/cmd_publisher:/opt/ros/humble /usr/bin/cmake /home/airat/ros2_ws/src/custom_interfaces -DCMAKE_INSTALL_PREFIX=/home/airat/ros2_ws/src/install/custom_interfaces
[22.746s] DEBUG:colcon.colcon_core.event_handler.log_command:Invoking command in '/home/airat/ros2_ws/src/build/custom_interfaces': CMAKE_PREFIX_PATH=${CMAKE_PREFIX_PATH}:/home/airat/ros2_ws/src/install/mpu6050_reader:/home/airat/ros2_ws/src/install/lqr_control:/home/airat/ros2_ws/src/install/encoders_node:/home/airat/ros2_ws/src/install/cmd_publisher:/opt/ros/humble /usr/bin/cmake --build /home/airat/ros2_ws/src/build/custom_interfaces -- -j4 -l4
[45.353s] DEBUG:colcon.colcon_core.event_handler.log_command:Invoked command in '/home/airat/ros2_ws/src/build/custom_interfaces' returned '0': CMAKE_PREFIX_PATH=${CMAKE_PREFIX_PATH}:/home/airat/ros2_ws/src/install/mpu6050_reader:/home/airat/ros2_ws/src/install/lqr_control:/home/airat/ros2_ws/src/install/encoders_node:/home/airat/ros2_ws/src/install/cmd_publisher:/opt/ros/humble /usr/bin/cmake --build /home/airat/ros2_ws/src/build/custom_interfaces -- -j4 -l4
[45.405s] DEBUG:colcon.colcon_core.event_handler.log_command:Invoking command in '/home/airat/ros2_ws/src/build/custom_interfaces': CMAKE_PREFIX_PATH=${CMAKE_PREFIX_PATH}:/home/airat/ros2_ws/src/install/mpu6050_reader:/home/airat/ros2_ws/src/install/lqr_control:/home/airat/ros2_ws/src/install/encoders_node:/home/airat/ros2_ws/src/install/cmd_publisher:/opt/ros/humble /usr/bin/cmake --install /home/airat/ros2_ws/src/build/custom_interfaces
[45.972s] Level 1:colcon.colcon_core.environment:create_environment_scripts_only(custom_interfaces)
[45.974s] Level 1:colcon.colcon_core.environment:checking '/home/airat/ros2_ws/src/install/custom_interfaces' for CMake module files
[45.976s] DEBUG:colcon.colcon_core.event_handler.log_command:Invoked command in '/home/airat/ros2_ws/src/build/custom_interfaces' returned '0': CMAKE_PREFIX_PATH=${CMAKE_PREFIX_PATH}:/home/airat/ros2_ws/src/install/mpu6050_reader:/home/airat/ros2_ws/src/install/lqr_control:/home/airat/ros2_ws/src/install/encoders_node:/home/airat/ros2_ws/src/install/cmd_publisher:/opt/ros/humble /usr/bin/cmake --install /home/airat/ros2_ws/src/build/custom_interfaces
[45.980s] Level 1:colcon.colcon_core.environment:checking '/home/airat/ros2_ws/src/install/custom_interfaces' for CMake config files
[45.986s] Level 1:colcon.colcon_core.shell:create_environment_hook('custom_interfaces', 'cmake_prefix_path')
[45.988s] INFO:colcon.colcon_core.shell:Creating environment hook '/home/airat/ros2_ws/src/install/custom_interfaces/share/custom_interfaces/hook/cmake_prefix_path.ps1'
[45.990s] INFO:colcon.colcon_core.shell:Creating environment descriptor '/home/airat/ros2_ws/src/install/custom_interfaces/share/custom_interfaces/hook/cmake_prefix_path.dsv'
[45.992s] INFO:colcon.colcon_core.shell:Creating environment hook '/home/airat/ros2_ws/src/install/custom_interfaces/share/custom_interfaces/hook/cmake_prefix_path.sh'
[45.995s] Level 1:colcon.colcon_core.environment:checking '/home/airat/ros2_ws/src/install/custom_interfaces/lib'
[45.995s] Level 1:colcon.colcon_core.shell:create_environment_hook('custom_interfaces', 'ld_library_path_lib')
[45.996s] INFO:colcon.colcon_core.shell:Creating environment hook '/home/airat/ros2_ws/src/install/custom_interfaces/share/custom_interfaces/hook/ld_library_path_lib.ps1'
[45.998s] INFO:colcon.colcon_core.shell:Creating environment descriptor '/home/airat/ros2_ws/src/install/custom_interfaces/share/custom_interfaces/hook/ld_library_path_lib.dsv'
[46.000s] INFO:colcon.colcon_core.shell:Creating environment hook '/home/airat/ros2_ws/src/install/custom_interfaces/share/custom_interfaces/hook/ld_library_path_lib.sh'
[46.002s] Level 1:colcon.colcon_core.environment:checking '/home/airat/ros2_ws/src/install/custom_interfaces/bin'
[46.003s] Level 1:colcon.colcon_core.environment:checking '/home/airat/ros2_ws/src/install/custom_interfaces/lib/pkgconfig/custom_interfaces.pc'
[46.004s] Level 1:colcon.colcon_core.environment:checking '/home/airat/ros2_ws/src/install/custom_interfaces/lib/python3.10/site-packages'
[46.005s] Level 1:colcon.colcon_core.environment:checking '/home/airat/ros2_ws/src/install/custom_interfaces/bin'
[46.006s] INFO:colcon.colcon_core.shell:Creating package script '/home/airat/ros2_ws/src/install/custom_interfaces/share/custom_interfaces/package.ps1'
[46.009s] INFO:colcon.colcon_core.shell:Creating package descriptor '/home/airat/ros2_ws/src/install/custom_interfaces/share/custom_interfaces/package.dsv'
[46.011s] INFO:colcon.colcon_core.shell:Creating package script '/home/airat/ros2_ws/src/install/custom_interfaces/share/custom_interfaces/package.sh'
[46.013s] INFO:colcon.colcon_core.shell:Creating package script '/home/airat/ros2_ws/src/install/custom_interfaces/share/custom_interfaces/package.bash'
[46.015s] INFO:colcon.colcon_core.shell:Creating package script '/home/airat/ros2_ws/src/install/custom_interfaces/share/custom_interfaces/package.zsh'
[46.017s] Level 1:colcon.colcon_core.environment:create_file_with_runtime_dependencies(/home/airat/ros2_ws/src/install/custom_interfaces/share/colcon-core/packages/custom_interfaces)
[46.020s] Level 1:colcon.colcon_core.environment:create_environment_scripts_only(custom_interfaces)
[46.021s] Level 1:colcon.colcon_core.environment:checking '/home/airat/ros2_ws/src/install/custom_interfaces' for CMake module files
[46.027s] Level 1:colcon.colcon_core.environment:checking '/home/airat/ros2_ws/src/install/custom_interfaces' for CMake config files
[46.041s] Level 1:colcon.colcon_core.shell:create_environment_hook('custom_interfaces', 'cmake_prefix_path')
[46.042s] INFO:colcon.colcon_core.shell:Creating environment hook '/home/airat/ros2_ws/src/install/custom_interfaces/share/custom_interfaces/hook/cmake_prefix_path.ps1'
[46.045s] INFO:colcon.colcon_core.shell:Creating environment descriptor '/home/airat/ros2_ws/src/install/custom_interfaces/share/custom_interfaces/hook/cmake_prefix_path.dsv'
[46.047s] INFO:colcon.colcon_core.shell:Creating environment hook '/home/airat/ros2_ws/src/install/custom_interfaces/share/custom_interfaces/hook/cmake_prefix_path.sh'
[46.050s] Level 1:colcon.colcon_core.environment:checking '/home/airat/ros2_ws/src/install/custom_interfaces/lib'
[46.051s] Level 1:colcon.colcon_core.shell:create_environment_hook('custom_interfaces', 'ld_library_path_lib')
[46.052s] INFO:colcon.colcon_core.shell:Creating environment hook '/home/airat/ros2_ws/src/install/custom_interfaces/share/custom_interfaces/hook/ld_library_path_lib.ps1'
[46.054s] INFO:colcon.colcon_core.shell:Creating environment descriptor '/home/airat/ros2_ws/src/install/custom_interfaces/share/custom_interfaces/hook/ld_library_path_lib.dsv'
[46.056s] INFO:colcon.colcon_core.shell:Creating environment hook '/home/airat/ros2_ws/src/install/custom_interfaces/share/custom_interfaces/hook/ld_library_path_lib.sh'
[46.059s] Level 1:colcon.colcon_core.environment:checking '/home/airat/ros2_ws/src/install/custom_interfaces/bin'
[46.059s] Level 1:colcon.colcon_core.environment:checking '/home/airat/ros2_ws/src/install/custom_interfaces/lib/pkgconfig/custom_interfaces.pc'
[46.060s] Level 1:colcon.colcon_core.environment:checking '/home/airat/ros2_ws/src/install/custom_interfaces/lib/python3.10/site-packages'
[46.061s] Level 1:colcon.colcon_core.environment:checking '/home/airat/ros2_ws/src/install/custom_interfaces/bin'
[46.063s] INFO:colcon.colcon_core.shell:Creating package script '/home/airat/ros2_ws/src/install/custom_interfaces/share/custom_interfaces/package.ps1'
[46.068s] INFO:colcon.colcon_core.shell:Creating package descriptor '/home/airat/ros2_ws/src/install/custom_interfaces/share/custom_interfaces/package.dsv'
[46.071s] INFO:colcon.colcon_core.shell:Creating package script '/home/airat/ros2_ws/src/install/custom_interfaces/share/custom_interfaces/package.sh'
[46.073s] INFO:colcon.colcon_core.shell:Creating package script '/home/airat/ros2_ws/src/install/custom_interfaces/share/custom_interfaces/package.bash'
[46.076s] INFO:colcon.colcon_core.shell:Creating package script '/home/airat/ros2_ws/src/install/custom_interfaces/share/custom_interfaces/package.zsh'
[46.078s] Level 1:colcon.colcon_core.environment:create_file_with_runtime_dependencies(/home/airat/ros2_ws/src/install/custom_interfaces/share/colcon-core/packages/custom_interfaces)
[46.080s] INFO:colcon.colcon_ros.task.ament_python.build:Building ROS package in '/home/airat/ros2_ws/src/lqr_control' with build type 'ament_python'
[46.081s] Level 1:colcon.colcon_core.shell:create_environment_hook('lqr_control', 'ament_prefix_path')
[46.082s] INFO:colcon.colcon_core.shell:Creating environment hook '/home/airat/ros2_ws/src/install/lqr_control/share/lqr_control/hook/ament_prefix_path.ps1'
[46.086s] INFO:colcon.colcon_core.shell:Creating environment descriptor '/home/airat/ros2_ws/src/install/lqr_control/share/lqr_control/hook/ament_prefix_path.dsv'
[46.087s] INFO:colcon.colcon_core.shell:Creating environment hook '/home/airat/ros2_ws/src/install/lqr_control/share/lqr_control/hook/ament_prefix_path.sh'
[46.090s] INFO:colcon.colcon_core.shell:Skip shell extension 'powershell' for command environment: Not usable outside of PowerShell
[46.091s] DEBUG:colcon.colcon_core.shell:Skip shell extension 'dsv' for command environment
[47.424s] INFO:colcon.colcon_core.task.python.build:Building Python package in '/home/airat/ros2_ws/src/lqr_control'
[47.425s] INFO:colcon.colcon_core.shell:Skip shell extension 'powershell' for command environment: Not usable outside of PowerShell
[47.425s] DEBUG:colcon.colcon_core.shell:Skip shell extension 'dsv' for command environment
[50.726s] DEBUG:colcon.colcon_core.event_handler.log_command:Invoking command in '/home/airat/ros2_ws/src/lqr_control': PYTHONPATH=/home/airat/ros2_ws/src/build/lqr_control/prefix_override:/usr/lib/python3/dist-packages/colcon_core/task/python/colcon_distutils_commands:/home/airat/ros2_ws/src/install/lqr_control/lib/python3.10/site-packages:${PYTHONPATH} /usr/bin/python3 -W ignore:setup.py install is deprecated -W ignore:easy_install command is deprecated setup.py egg_info --egg-base ../build/lqr_control build --build-base /home/airat/ros2_ws/src/build/lqr_control/build install --record /home/airat/ros2_ws/src/build/lqr_control/install.log --single-version-externally-managed install_data
[54.092s] Level 1:colcon.colcon_core.environment:checking '/home/airat/ros2_ws/src/install/lqr_control' for CMake module files
[54.094s] DEBUG:colcon.colcon_core.event_handler.log_command:Invoked command in '/home/airat/ros2_ws/src/lqr_control' returned '0': PYTHONPATH=/home/airat/ros2_ws/src/build/lqr_control/prefix_override:/usr/lib/python3/dist-packages/colcon_core/task/python/colcon_distutils_commands:/home/airat/ros2_ws/src/install/lqr_control/lib/python3.10/site-packages:${PYTHONPATH} /usr/bin/python3 -W ignore:setup.py install is deprecated -W ignore:easy_install command is deprecated setup.py egg_info --egg-base ../build/lqr_control build --build-base /home/airat/ros2_ws/src/build/lqr_control/build install --record /home/airat/ros2_ws/src/build/lqr_control/install.log --single-version-externally-managed install_data
[54.097s] Level 1:colcon.colcon_core.environment:checking '/home/airat/ros2_ws/src/install/lqr_control' for CMake config files
[54.100s] Level 1:colcon.colcon_core.environment:checking '/home/airat/ros2_ws/src/install/lqr_control/lib'
[54.101s] Level 1:colcon.colcon_core.environment:checking '/home/airat/ros2_ws/src/install/lqr_control/bin'
[54.101s] Level 1:colcon.colcon_core.environment:checking '/home/airat/ros2_ws/src/install/lqr_control/lib/pkgconfig/lqr_control.pc'
[54.102s] Level 1:colcon.colcon_core.environment:checking '/home/airat/ros2_ws/src/install/lqr_control/lib/python3.10/site-packages'
[54.102s] Level 1:colcon.colcon_core.shell:create_environment_hook('lqr_control', 'pythonpath')
[54.103s] INFO:colcon.colcon_core.shell:Creating environment hook '/home/airat/ros2_ws/src/install/lqr_control/share/lqr_control/hook/pythonpath.ps1'
[54.105s] INFO:colcon.colcon_core.shell:Creating environment descriptor '/home/airat/ros2_ws/src/install/lqr_control/share/lqr_control/hook/pythonpath.dsv'
[54.107s] INFO:colcon.colcon_core.shell:Creating environment hook '/home/airat/ros2_ws/src/install/lqr_control/share/lqr_control/hook/pythonpath.sh'
[54.110s] Level 1:colcon.colcon_core.environment:checking '/home/airat/ros2_ws/src/install/lqr_control/bin'
[54.110s] Level 1:colcon.colcon_core.environment:create_environment_scripts_only(lqr_control)
[54.112s] INFO:colcon.colcon_core.shell:Creating package script '/home/airat/ros2_ws/src/install/lqr_control/share/lqr_control/package.ps1'
[54.114s] INFO:colcon.colcon_core.shell:Creating package descriptor '/home/airat/ros2_ws/src/install/lqr_control/share/lqr_control/package.dsv'
[54.116s] INFO:colcon.colcon_core.shell:Creating package script '/home/airat/ros2_ws/src/install/lqr_control/share/lqr_control/package.sh'
[54.119s] INFO:colcon.colcon_core.shell:Creating package script '/home/airat/ros2_ws/src/install/lqr_control/share/lqr_control/package.bash'
[54.121s] INFO:colcon.colcon_core.shell:Creating package script '/home/airat/ros2_ws/src/install/lqr_control/share/lqr_control/package.zsh'
[54.122s] Level 1:colcon.colcon_core.environment:create_file_with_runtime_dependencies(/home/airat/ros2_ws/src/install/lqr_control/share/colcon-core/packages/lqr_control)
[54.124s] DEBUG:colcon.colcon_parallel_executor.executor.parallel:closing loop
[54.126s] DEBUG:colcon.colcon_parallel_executor.executor.parallel:loop closed
[54.126s] DEBUG:colcon.colcon_parallel_executor.executor.parallel:run_until_complete finished with '0'
[54.127s] DEBUG:colcon.colcon_core.event_reactor:joining thread
[54.195s] INFO:colcon.colcon_core.plugin_system:Skipping extension 'colcon_notification.desktop_notification.terminal_notifier': Not used on non-Darwin systems
[54.196s] INFO:colcon.colcon_core.plugin_system:Skipping extension 'colcon_notification.desktop_notification.win32': Not used on non-Windows systems
[54.196s] INFO:colcon.colcon_notification.desktop_notification:Sending desktop notification using 'notify2'
[54.300s] DEBUG:colcon.colcon_core.event_reactor:joined thread
[54.301s] INFO:colcon.colcon_core.shell:Creating prefix script '/home/airat/ros2_ws/src/install/local_setup.ps1'
[54.306s] INFO:colcon.colcon_core.shell:Creating prefix util module '/home/airat/ros2_ws/src/install/_local_setup_util_ps1.py'
[54.322s] INFO:colcon.colcon_core.shell:Creating prefix chain script '/home/airat/ros2_ws/src/install/setup.ps1'
[54.330s] INFO:colcon.colcon_core.shell:Creating prefix script '/home/airat/ros2_ws/src/install/local_setup.sh'
[54.334s] INFO:colcon.colcon_core.shell:Creating prefix util module '/home/airat/ros2_ws/src/install/_local_setup_util_sh.py'
[54.337s] INFO:colcon.colcon_core.shell:Creating prefix chain script '/home/airat/ros2_ws/src/install/setup.sh'
[54.350s] INFO:colcon.colcon_core.shell:Creating prefix script '/home/airat/ros2_ws/src/install/local_setup.bash'
[54.355s] INFO:colcon.colcon_core.shell:Creating prefix chain script '/home/airat/ros2_ws/src/install/setup.bash'
[54.364s] INFO:colcon.colcon_core.shell:Creating prefix script '/home/airat/ros2_ws/src/install/local_setup.zsh'
[54.367s] INFO:colcon.colcon_core.shell:Creating prefix chain script '/home/airat/ros2_ws/src/install/setup.zsh'
