/home/airat/ros2_ws/src/install/mpu6050_reader/lib/python3.10/site-packages/mpu6050_reader/mpu6050_graphs_plotter.py
/home/airat/ros2_ws/src/install/mpu6050_reader/lib/python3.10/site-packages/mpu6050_reader/mpu6050_graphs.py
/home/airat/ros2_ws/src/install/mpu6050_reader/lib/python3.10/site-packages/mpu6050_reader/__init__.py
/home/airat/ros2_ws/src/install/mpu6050_reader/lib/python3.10/site-packages/mpu6050_reader/mpu6050_filter.py
/home/airat/ros2_ws/src/install/mpu6050_reader/lib/python3.10/site-packages/mpu6050_reader/mpu6050_node.py
/home/airat/ros2_ws/src/install/mpu6050_reader/lib/python3.10/site-packages/mpu6050_reader/__pycache__/mpu6050_graphs_plotter.cpython-310.pyc
/home/airat/ros2_ws/src/install/mpu6050_reader/lib/python3.10/site-packages/mpu6050_reader/__pycache__/mpu6050_graphs.cpython-310.pyc
/home/airat/ros2_ws/src/install/mpu6050_reader/lib/python3.10/site-packages/mpu6050_reader/__pycache__/__init__.cpython-310.pyc
/home/airat/ros2_ws/src/install/mpu6050_reader/lib/python3.10/site-packages/mpu6050_reader/__pycache__/mpu6050_filter.cpython-310.pyc
/home/airat/ros2_ws/src/install/mpu6050_reader/lib/python3.10/site-packages/mpu6050_reader/__pycache__/mpu6050_node.cpython-310.pyc
/home/airat/ros2_ws/src/install/mpu6050_reader/share/ament_index/resource_index/packages/mpu6050_reader
/home/airat/ros2_ws/src/install/mpu6050_reader/share/mpu6050_reader/package.xml
/home/airat/ros2_ws/src/install/mpu6050_reader/lib/python3.10/site-packages/mpu6050_reader-0.0.0-py3.10.egg-info/zip-safe
/home/airat/ros2_ws/src/install/mpu6050_reader/lib/python3.10/site-packages/mpu6050_reader-0.0.0-py3.10.egg-info/PKG-INFO
/home/airat/ros2_ws/src/install/mpu6050_reader/lib/python3.10/site-packages/mpu6050_reader-0.0.0-py3.10.egg-info/top_level.txt
/home/airat/ros2_ws/src/install/mpu6050_reader/lib/python3.10/site-packages/mpu6050_reader-0.0.0-py3.10.egg-info/requires.txt
/home/airat/ros2_ws/src/install/mpu6050_reader/lib/python3.10/site-packages/mpu6050_reader-0.0.0-py3.10.egg-info/entry_points.txt
/home/airat/ros2_ws/src/install/mpu6050_reader/lib/python3.10/site-packages/mpu6050_reader-0.0.0-py3.10.egg-info/dependency_links.txt
/home/airat/ros2_ws/src/install/mpu6050_reader/lib/python3.10/site-packages/mpu6050_reader-0.0.0-py3.10.egg-info/SOURCES.txt
/home/airat/ros2_ws/src/install/mpu6050_reader/lib/mpu6050_reader/mpu6050_filter
/home/airat/ros2_ws/src/install/mpu6050_reader/lib/mpu6050_reader/mpu6050_graphs
/home/airat/ros2_ws/src/install/mpu6050_reader/lib/mpu6050_reader/mpu6050_graphs_plotter
/home/airat/ros2_ws/src/install/mpu6050_reader/lib/mpu6050_reader/mpu6050_node
