running egg_info
creating ../build/mpu6050_reader/mpu6050_reader.egg-info
writing ../build/mpu6050_reader/mpu6050_reader.egg-info/PKG-INFO
writing dependency_links to ../build/mpu6050_reader/mpu6050_reader.egg-info/dependency_links.txt
writing entry points to ../build/mpu6050_reader/mpu6050_reader.egg-info/entry_points.txt
writing requirements to ../build/mpu6050_reader/mpu6050_reader.egg-info/requires.txt
writing top-level names to ../build/mpu6050_reader/mpu6050_reader.egg-info/top_level.txt
writing manifest file '../build/mpu6050_reader/mpu6050_reader.egg-info/SOURCES.txt'
reading manifest file '../build/mpu6050_reader/mpu6050_reader.egg-info/SOURCES.txt'
writing manifest file '../build/mpu6050_reader/mpu6050_reader.egg-info/SOURCES.txt'
running build
running build_py
creating /home/airat/ros2_ws/src/build/mpu6050_reader/build/lib/mpu6050_reader
copying mpu6050_reader/mpu6050_graphs_plotter.py -> /home/airat/ros2_ws/src/build/mpu6050_reader/build/lib/mpu6050_reader
copying mpu6050_reader/mpu6050_graphs.py -> /home/airat/ros2_ws/src/build/mpu6050_reader/build/lib/mpu6050_reader
copying mpu6050_reader/__init__.py -> /home/airat/ros2_ws/src/build/mpu6050_reader/build/lib/mpu6050_reader
copying mpu6050_reader/mpu6050_filter.py -> /home/airat/ros2_ws/src/build/mpu6050_reader/build/lib/mpu6050_reader
copying mpu6050_reader/mpu6050_node.py -> /home/airat/ros2_ws/src/build/mpu6050_reader/build/lib/mpu6050_reader
running install
running install_lib
creating /home/airat/ros2_ws/src/install/mpu6050_reader/lib/python3.10/site-packages/mpu6050_reader
copying /home/airat/ros2_ws/src/build/mpu6050_reader/build/lib/mpu6050_reader/mpu6050_graphs_plotter.py -> /home/airat/ros2_ws/src/install/mpu6050_reader/lib/python3.10/site-packages/mpu6050_reader
copying /home/airat/ros2_ws/src/build/mpu6050_reader/build/lib/mpu6050_reader/mpu6050_graphs.py -> /home/airat/ros2_ws/src/install/mpu6050_reader/lib/python3.10/site-packages/mpu6050_reader
copying /home/airat/ros2_ws/src/build/mpu6050_reader/build/lib/mpu6050_reader/__init__.py -> /home/airat/ros2_ws/src/install/mpu6050_reader/lib/python3.10/site-packages/mpu6050_reader
copying /home/airat/ros2_ws/src/build/mpu6050_reader/build/lib/mpu6050_reader/mpu6050_filter.py -> /home/airat/ros2_ws/src/install/mpu6050_reader/lib/python3.10/site-packages/mpu6050_reader
copying /home/airat/ros2_ws/src/build/mpu6050_reader/build/lib/mpu6050_reader/mpu6050_node.py -> /home/airat/ros2_ws/src/install/mpu6050_reader/lib/python3.10/site-packages/mpu6050_reader
byte-compiling /home/airat/ros2_ws/src/install/mpu6050_reader/lib/python3.10/site-packages/mpu6050_reader/mpu6050_graphs_plotter.py to mpu6050_graphs_plotter.cpython-310.pyc
byte-compiling /home/airat/ros2_ws/src/install/mpu6050_reader/lib/python3.10/site-packages/mpu6050_reader/mpu6050_graphs.py to mpu6050_graphs.cpython-310.pyc
byte-compiling /home/airat/ros2_ws/src/install/mpu6050_reader/lib/python3.10/site-packages/mpu6050_reader/__init__.py to __init__.cpython-310.pyc
byte-compiling /home/airat/ros2_ws/src/install/mpu6050_reader/lib/python3.10/site-packages/mpu6050_reader/mpu6050_filter.py to mpu6050_filter.cpython-310.pyc
byte-compiling /home/airat/ros2_ws/src/install/mpu6050_reader/lib/python3.10/site-packages/mpu6050_reader/mpu6050_node.py to mpu6050_node.cpython-310.pyc
running install_data
creating /home/airat/ros2_ws/src/install/mpu6050_reader/share/ament_index/resource_index/packages
copying resource/mpu6050_reader -> /home/airat/ros2_ws/src/install/mpu6050_reader/share/ament_index/resource_index/packages
copying package.xml -> /home/airat/ros2_ws/src/install/mpu6050_reader/share/mpu6050_reader
running install_egg_info
Copying ../build/mpu6050_reader/mpu6050_reader.egg-info to /home/airat/ros2_ws/src/install/mpu6050_reader/lib/python3.10/site-packages/mpu6050_reader-0.0.0-py3.10.egg-info
running install_scripts
Installing mpu6050_filter script to /home/airat/ros2_ws/src/install/mpu6050_reader/lib/mpu6050_reader
Installing mpu6050_graphs script to /home/airat/ros2_ws/src/install/mpu6050_reader/lib/mpu6050_reader
Installing mpu6050_graphs_plotter script to /home/airat/ros2_ws/src/install/mpu6050_reader/lib/mpu6050_reader
Installing mpu6050_node script to /home/airat/ros2_ws/src/install/mpu6050_reader/lib/mpu6050_reader
writing list of installed files to '/home/airat/ros2_ws/src/build/mpu6050_reader/install.log'
