[11.302s] Invoking command in '/home/airat/ros2_ws/src/mpu6050_reader': PYTHONPATH=/home/airat/ros2_ws/src/build/mpu6050_reader/prefix_override:/usr/lib/python3/dist-packages/colcon_core/task/python/colcon_distutils_commands:/home/airat/ros2_ws/src/install/mpu6050_reader/lib/python3.10/site-packages:${PYTHONPATH} /usr/bin/python3 -W ignore:setup.py install is deprecated -W ignore:easy_install command is deprecated setup.py egg_info --egg-base ../build/mpu6050_reader build --build-base /home/airat/ros2_ws/src/build/mpu6050_reader/build install --record /home/airat/ros2_ws/src/build/mpu6050_reader/install.log --single-version-externally-managed install_data
[14.100s] running egg_info
[14.297s] creating ../build/mpu6050_reader/mpu6050_reader.egg-info
[14.298s] writing ../build/mpu6050_reader/mpu6050_reader.egg-info/PKG-INFO
[14.298s] writing dependency_links to ../build/mpu6050_reader/mpu6050_reader.egg-info/dependency_links.txt
[14.299s] writing entry points to ../build/mpu6050_reader/mpu6050_reader.egg-info/entry_points.txt
[14.299s] writing requirements to ../build/mpu6050_reader/mpu6050_reader.egg-info/requires.txt
[14.300s] writing top-level names to ../build/mpu6050_reader/mpu6050_reader.egg-info/top_level.txt
[14.301s] writing manifest file '../build/mpu6050_reader/mpu6050_reader.egg-info/SOURCES.txt'
[14.898s] reading manifest file '../build/mpu6050_reader/mpu6050_reader.egg-info/SOURCES.txt'
[14.910s] writing manifest file '../build/mpu6050_reader/mpu6050_reader.egg-info/SOURCES.txt'
[14.911s] running build
[14.911s] running build_py
[14.912s] creating /home/airat/ros2_ws/src/build/mpu6050_reader/build/lib/mpu6050_reader
[14.912s] copying mpu6050_reader/mpu6050_graphs_plotter.py -> /home/airat/ros2_ws/src/build/mpu6050_reader/build/lib/mpu6050_reader
[14.915s] copying mpu6050_reader/mpu6050_graphs.py -> /home/airat/ros2_ws/src/build/mpu6050_reader/build/lib/mpu6050_reader
[14.926s] copying mpu6050_reader/__init__.py -> /home/airat/ros2_ws/src/build/mpu6050_reader/build/lib/mpu6050_reader
[14.927s] copying mpu6050_reader/mpu6050_filter.py -> /home/airat/ros2_ws/src/build/mpu6050_reader/build/lib/mpu6050_reader
[14.930s] copying mpu6050_reader/mpu6050_node.py -> /home/airat/ros2_ws/src/build/mpu6050_reader/build/lib/mpu6050_reader
[14.935s] running install
[14.979s] running install_lib
[15.194s] creating /home/airat/ros2_ws/src/install/mpu6050_reader/lib/python3.10/site-packages/mpu6050_reader
[15.195s] copying /home/airat/ros2_ws/src/build/mpu6050_reader/build/lib/mpu6050_reader/mpu6050_graphs_plotter.py -> /home/airat/ros2_ws/src/install/mpu6050_reader/lib/python3.10/site-packages/mpu6050_reader
[15.196s] copying /home/airat/ros2_ws/src/build/mpu6050_reader/build/lib/mpu6050_reader/mpu6050_graphs.py -> /home/airat/ros2_ws/src/install/mpu6050_reader/lib/python3.10/site-packages/mpu6050_reader
[15.198s] copying /home/airat/ros2_ws/src/build/mpu6050_reader/build/lib/mpu6050_reader/__init__.py -> /home/airat/ros2_ws/src/install/mpu6050_reader/lib/python3.10/site-packages/mpu6050_reader
[15.199s] copying /home/airat/ros2_ws/src/build/mpu6050_reader/build/lib/mpu6050_reader/mpu6050_filter.py -> /home/airat/ros2_ws/src/install/mpu6050_reader/lib/python3.10/site-packages/mpu6050_reader
[15.201s] copying /home/airat/ros2_ws/src/build/mpu6050_reader/build/lib/mpu6050_reader/mpu6050_node.py -> /home/airat/ros2_ws/src/install/mpu6050_reader/lib/python3.10/site-packages/mpu6050_reader
[15.205s] byte-compiling /home/airat/ros2_ws/src/install/mpu6050_reader/lib/python3.10/site-packages/mpu6050_reader/mpu6050_graphs_plotter.py to mpu6050_graphs_plotter.cpython-310.pyc
[15.210s] byte-compiling /home/airat/ros2_ws/src/install/mpu6050_reader/lib/python3.10/site-packages/mpu6050_reader/mpu6050_graphs.py to mpu6050_graphs.cpython-310.pyc
[15.215s] byte-compiling /home/airat/ros2_ws/src/install/mpu6050_reader/lib/python3.10/site-packages/mpu6050_reader/__init__.py to __init__.cpython-310.pyc
[15.217s] byte-compiling /home/airat/ros2_ws/src/install/mpu6050_reader/lib/python3.10/site-packages/mpu6050_reader/mpu6050_filter.py to mpu6050_filter.cpython-310.pyc
[15.222s] byte-compiling /home/airat/ros2_ws/src/install/mpu6050_reader/lib/python3.10/site-packages/mpu6050_reader/mpu6050_node.py to mpu6050_node.cpython-310.pyc
[15.258s] running install_data
[15.261s] creating /home/airat/ros2_ws/src/install/mpu6050_reader/share/ament_index/resource_index/packages
[15.269s] copying resource/mpu6050_reader -> /home/airat/ros2_ws/src/install/mpu6050_reader/share/ament_index/resource_index/packages
[15.282s] copying package.xml -> /home/airat/ros2_ws/src/install/mpu6050_reader/share/mpu6050_reader
[15.283s] running install_egg_info
[15.497s] Copying ../build/mpu6050_reader/mpu6050_reader.egg-info to /home/airat/ros2_ws/src/install/mpu6050_reader/lib/python3.10/site-packages/mpu6050_reader-0.0.0-py3.10.egg-info
[15.507s] running install_scripts
[16.977s] Installing mpu6050_filter script to /home/airat/ros2_ws/src/install/mpu6050_reader/lib/mpu6050_reader
[16.978s] Installing mpu6050_graphs script to /home/airat/ros2_ws/src/install/mpu6050_reader/lib/mpu6050_reader
[16.979s] Installing mpu6050_graphs_plotter script to /home/airat/ros2_ws/src/install/mpu6050_reader/lib/mpu6050_reader
[16.980s] Installing mpu6050_node script to /home/airat/ros2_ws/src/install/mpu6050_reader/lib/mpu6050_reader
[16.984s] writing list of installed files to '/home/airat/ros2_ws/src/build/mpu6050_reader/install.log'
[17.237s] Invoked command in '/home/airat/ros2_ws/src/mpu6050_reader' returned '0': PYTHONPATH=/home/airat/ros2_ws/src/build/mpu6050_reader/prefix_override:/usr/lib/python3/dist-packages/colcon_core/task/python/colcon_distutils_commands:/home/airat/ros2_ws/src/install/mpu6050_reader/lib/python3.10/site-packages:${PYTHONPATH} /usr/bin/python3 -W ignore:setup.py install is deprecated -W ignore:easy_install command is deprecated setup.py egg_info --egg-base ../build/mpu6050_reader build --build-base /home/airat/ros2_ws/src/build/mpu6050_reader/build install --record /home/airat/ros2_ws/src/build/mpu6050_reader/install.log --single-version-externally-managed install_data
