[11.095s] Invoking command in '/home/airat/ros2_ws/src/cmd_publisher': PYTHONPATH=/home/airat/ros2_ws/src/build/cmd_publisher/prefix_override:/usr/lib/python3/dist-packages/colcon_core/task/python/colcon_distutils_commands:/home/airat/ros2_ws/src/install/cmd_publisher/lib/python3.10/site-packages:${PYTHONPATH} /usr/bin/python3 -W ignore:setup.py install is deprecated -W ignore:easy_install command is deprecated setup.py egg_info --egg-base ../build/cmd_publisher build --build-base /home/airat/ros2_ws/src/build/cmd_publisher/build install --record /home/airat/ros2_ws/src/build/cmd_publisher/install.log --single-version-externally-managed install_data
[14.066s] running egg_info
[14.190s] creating ../build/cmd_publisher/cmd_publisher.egg-info
[14.191s] writing ../build/cmd_publisher/cmd_publisher.egg-info/PKG-INFO
[14.193s] writing dependency_links to ../build/cmd_publisher/cmd_publisher.egg-info/dependency_links.txt
[14.194s] writing entry points to ../build/cmd_publisher/cmd_publisher.egg-info/entry_points.txt
[14.196s] writing requirements to ../build/cmd_publisher/cmd_publisher.egg-info/requires.txt
[14.196s] writing top-level names to ../build/cmd_publisher/cmd_publisher.egg-info/top_level.txt
[14.197s] writing manifest file '../build/cmd_publisher/cmd_publisher.egg-info/SOURCES.txt'
[14.485s] reading manifest file '../build/cmd_publisher/cmd_publisher.egg-info/SOURCES.txt'
[14.491s] writing manifest file '../build/cmd_publisher/cmd_publisher.egg-info/SOURCES.txt'
[14.493s] running build
[14.494s] running build_py
[14.494s] creating /home/airat/ros2_ws/src/build/cmd_publisher/build/lib/cmd_publisher
[14.495s] copying cmd_publisher/__init__.py -> /home/airat/ros2_ws/src/build/cmd_publisher/build/lib/cmd_publisher
[14.496s] copying cmd_publisher/cmd_publisher.py -> /home/airat/ros2_ws/src/build/cmd_publisher/build/lib/cmd_publisher
[14.506s] running install
[14.530s] running install_lib
[14.694s] creating /home/airat/ros2_ws/src/install/cmd_publisher/lib/python3.10/site-packages/cmd_publisher
[14.694s] copying /home/airat/ros2_ws/src/build/cmd_publisher/build/lib/cmd_publisher/__init__.py -> /home/airat/ros2_ws/src/install/cmd_publisher/lib/python3.10/site-packages/cmd_publisher
[14.695s] copying /home/airat/ros2_ws/src/build/cmd_publisher/build/lib/cmd_publisher/cmd_publisher.py -> /home/airat/ros2_ws/src/install/cmd_publisher/lib/python3.10/site-packages/cmd_publisher
[14.699s] byte-compiling /home/airat/ros2_ws/src/install/cmd_publisher/lib/python3.10/site-packages/cmd_publisher/__init__.py to __init__.cpython-310.pyc
[14.701s] byte-compiling /home/airat/ros2_ws/src/install/cmd_publisher/lib/python3.10/site-packages/cmd_publisher/cmd_publisher.py to cmd_publisher.cpython-310.pyc
[14.703s] running install_data
[14.704s] creating /home/airat/ros2_ws/src/install/cmd_publisher/share/ament_index/resource_index/packages
[14.706s] copying resource/cmd_publisher -> /home/airat/ros2_ws/src/install/cmd_publisher/share/ament_index/resource_index/packages
[14.708s] copying package.xml -> /home/airat/ros2_ws/src/install/cmd_publisher/share/cmd_publisher
[14.709s] running install_egg_info
[14.866s] Copying ../build/cmd_publisher/cmd_publisher.egg-info to /home/airat/ros2_ws/src/install/cmd_publisher/lib/python3.10/site-packages/cmd_publisher-0.0.0-py3.10.egg-info
[14.892s] running install_scripts
[17.460s] Installing cmd_publisher script to /home/airat/ros2_ws/src/install/cmd_publisher/lib/cmd_publisher
[17.463s] writing list of installed files to '/home/airat/ros2_ws/src/build/cmd_publisher/install.log'
[17.775s] Invoked command in '/home/airat/ros2_ws/src/cmd_publisher' returned '0': PYTHONPATH=/home/airat/ros2_ws/src/build/cmd_publisher/prefix_override:/usr/lib/python3/dist-packages/colcon_core/task/python/colcon_distutils_commands:/home/airat/ros2_ws/src/install/cmd_publisher/lib/python3.10/site-packages:${PYTHONPATH} /usr/bin/python3 -W ignore:setup.py install is deprecated -W ignore:easy_install command is deprecated setup.py egg_info --egg-base ../build/cmd_publisher build --build-base /home/airat/ros2_ws/src/build/cmd_publisher/build install --record /home/airat/ros2_ws/src/build/cmd_publisher/install.log --single-version-externally-managed install_data
