[0.517s] DEBUG:colcon:Command line arguments: ['/usr/bin/colcon', 'build', '--packages-select', 'mpu6050_reader']
[0.518s] DEBUG:colcon:Parsed command line arguments: Namespace(log_base=None, log_level=None, verb_name='build', build_base='build', install_base='install', merge_install=False, symlink_install=False, test_result_base=None, continue_on_error=False, executor='parallel', parallel_workers=4, event_handlers=None, ignore_user_meta=False, metas=['./colcon.meta'], base_paths=['.'], packages_ignore=None, packages_ignore_regex=None, paths=None, packages_up_to=None, packages_up_to_regex=None, packages_above=None, packages_above_and_dependencies=None, packages_above_depth=None, packages_select_by_dep=None, packages_skip_by_dep=None, packages_skip_up_to=None, packages_select_build_failed=False, packages_skip_build_finished=False, packages_select_test_failures=False, packages_skip_test_passed=False, packages_select=['mpu6050_reader'], packages_skip=None, packages_select_regex=None, packages_skip_regex=None, packages_start=None, packages_end=None, allow_overriding=[], cmake_args=None, cmake_target=None, cmake_target_skip_unavailable=False, cmake_clean_cache=False, cmake_clean_first=False, cmake_force_configure=False, ament_cmake_args=None, catkin_cmake_args=None, catkin_skip_building_tests=False, mixin_files=None, mixin=None, verb_parser=<colcon_mixin.mixin.mixin_argument.MixinArgumentDecorator object at 0xffff7efd71c0>, verb_extension=<colcon_core.verb.build.BuildVerb object at 0xffff7f1c0160>, main=<bound method BuildVerb.main of <colcon_core.verb.build.BuildVerb object at 0xffff7f1c0160>>, mixin_verb=('build',))
[1.348s] Level 1:colcon.colcon_core.package_discovery:discover_packages(colcon_meta) check parameters
[1.348s] Level 1:colcon.colcon_core.package_discovery:discover_packages(recursive) check parameters
[1.348s] Level 1:colcon.colcon_core.package_discovery:discover_packages(ignore) check parameters
[1.348s] Level 1:colcon.colcon_core.package_discovery:discover_packages(path) check parameters
[1.348s] Level 1:colcon.colcon_core.package_discovery:discover_packages(colcon_meta) discover
[1.349s] Level 1:colcon.colcon_core.package_discovery:discover_packages(recursive) discover
[1.349s] INFO:colcon.colcon_core.package_discovery:Crawling recursively for packages in '/home/airat/ros2_ws/src/mpu6050_reader/mpu6050_reader'
[1.349s] Level 1:colcon.colcon_core.package_identification:_identify(.) by extensions ['ignore', 'ignore_ament_install']
[1.350s] Level 1:colcon.colcon_core.package_identification:_identify(.) by extension 'ignore'
[1.350s] Level 1:colcon.colcon_core.package_identification:_identify(.) by extension 'ignore_ament_install'
[1.350s] Level 1:colcon.colcon_core.package_identification:_identify(.) by extensions ['colcon_pkg']
[1.350s] Level 1:colcon.colcon_core.package_identification:_identify(.) by extension 'colcon_pkg'
[1.351s] Level 1:colcon.colcon_core.package_identification:_identify(.) by extensions ['colcon_meta']
[1.351s] Level 1:colcon.colcon_core.package_identification:_identify(.) by extension 'colcon_meta'
[1.351s] Level 1:colcon.colcon_core.package_identification:_identify(.) by extensions ['ros']
[1.351s] Level 1:colcon.colcon_core.package_identification:_identify(.) by extension 'ros'
[1.397s] Level 1:colcon.colcon_core.package_identification:_identify(.) by extensions ['cmake', 'python']
[1.397s] Level 1:colcon.colcon_core.package_identification:_identify(.) by extension 'cmake'
[1.398s] Level 1:colcon.colcon_core.package_identification:_identify(.) by extension 'python'
[1.398s] Level 1:colcon.colcon_core.package_identification:_identify(.) by extensions ['python_setup_py']
[1.398s] Level 1:colcon.colcon_core.package_identification:_identify(.) by extension 'python_setup_py'
[1.398s] Level 1:colcon.colcon_core.package_identification:_identify(build) by extensions ['ignore', 'ignore_ament_install']
[1.399s] Level 1:colcon.colcon_core.package_identification:_identify(build) by extension 'ignore'
[1.399s] Level 1:colcon.colcon_core.package_identification:_identify(build) ignored
[1.399s] Level 1:colcon.colcon_core.package_identification:_identify(install) by extensions ['ignore', 'ignore_ament_install']
[1.400s] Level 1:colcon.colcon_core.package_identification:_identify(install) by extension 'ignore'
[1.400s] Level 1:colcon.colcon_core.package_identification:_identify(install) ignored
[1.400s] Level 1:colcon.colcon_core.package_identification:_identify(log) by extensions ['ignore', 'ignore_ament_install']
[1.401s] Level 1:colcon.colcon_core.package_identification:_identify(log) by extension 'ignore'
[1.401s] Level 1:colcon.colcon_core.package_identification:_identify(log) ignored
[1.401s] Level 1:colcon.colcon_core.package_discovery:discover_packages(recursive) using defaults
[1.401s] Level 1:colcon.colcon_core.package_discovery:discover_packages(ignore) discover
[1.401s] Level 1:colcon.colcon_core.package_discovery:discover_packages(ignore) using defaults
[1.401s] Level 1:colcon.colcon_core.package_discovery:discover_packages(path) discover
[1.402s] Level 1:colcon.colcon_core.package_discovery:discover_packages(path) using defaults
[1.402s] WARNING:colcon.colcon_core.package_selection:ignoring unknown package 'mpu6050_reader' in --packages-select
[1.499s] Level 1:colcon.colcon_core.package_discovery:discover_packages(prefix_path) check parameters
[1.500s] Level 1:colcon.colcon_core.package_discovery:discover_packages(prefix_path) discover
[1.514s] DEBUG:colcon.colcon_installed_package_information.package_discovery:Found 5 installed packages in /home/airat/ros2_ws/install
[1.523s] DEBUG:colcon.colcon_installed_package_information.package_discovery:Found 270 installed packages in /opt/ros/humble
[1.568s] Level 1:colcon.colcon_core.package_discovery:discover_packages(prefix_path) using defaults
[1.729s] INFO:colcon.colcon_core.executor:Executing jobs using 'parallel' executor
[1.732s] DEBUG:colcon.colcon_parallel_executor.executor.parallel:run_until_complete
[1.733s] DEBUG:colcon.colcon_parallel_executor.executor.parallel:closing loop
[1.734s] DEBUG:colcon.colcon_parallel_executor.executor.parallel:loop closed
[1.734s] DEBUG:colcon.colcon_parallel_executor.executor.parallel:run_until_complete finished with '0'
[1.734s] DEBUG:colcon.colcon_core.event_reactor:joining thread
[1.755s] INFO:colcon.colcon_core.plugin_system:Skipping extension 'colcon_notification.desktop_notification.terminal_notifier': Not used on non-Darwin systems
[1.755s] INFO:colcon.colcon_core.plugin_system:Skipping extension 'colcon_notification.desktop_notification.win32': Not used on non-Windows systems
[1.755s] INFO:colcon.colcon_notification.desktop_notification:Sending desktop notification using 'notify2'
[1.813s] DEBUG:colcon.colcon_core.event_reactor:joined thread
[1.825s] INFO:colcon.colcon_core.plugin_system:Skipping extension 'colcon_core.shell.bat': Not used on non-Windows systems
[1.826s] INFO:colcon.colcon_core.shell:Creating prefix script '/home/airat/ros2_ws/src/mpu6050_reader/mpu6050_reader/install/local_setup.ps1'
[1.831s] INFO:colcon.colcon_core.shell:Creating prefix util module '/home/airat/ros2_ws/src/mpu6050_reader/mpu6050_reader/install/_local_setup_util_ps1.py'
[1.838s] INFO:colcon.colcon_core.shell:Creating prefix chain script '/home/airat/ros2_ws/src/mpu6050_reader/mpu6050_reader/install/setup.ps1'
[1.845s] INFO:colcon.colcon_core.shell:Creating prefix script '/home/airat/ros2_ws/src/mpu6050_reader/mpu6050_reader/install/local_setup.sh'
[1.850s] INFO:colcon.colcon_core.shell:Creating prefix util module '/home/airat/ros2_ws/src/mpu6050_reader/mpu6050_reader/install/_local_setup_util_sh.py'
[1.852s] INFO:colcon.colcon_core.shell:Creating prefix chain script '/home/airat/ros2_ws/src/mpu6050_reader/mpu6050_reader/install/setup.sh'
[1.860s] INFO:colcon.colcon_core.shell:Creating prefix script '/home/airat/ros2_ws/src/mpu6050_reader/mpu6050_reader/install/local_setup.bash'
[1.862s] INFO:colcon.colcon_core.shell:Creating prefix chain script '/home/airat/ros2_ws/src/mpu6050_reader/mpu6050_reader/install/setup.bash'
[1.869s] INFO:colcon.colcon_core.shell:Creating prefix script '/home/airat/ros2_ws/src/mpu6050_reader/mpu6050_reader/install/local_setup.zsh'
[1.871s] INFO:colcon.colcon_core.shell:Creating prefix chain script '/home/airat/ros2_ws/src/mpu6050_reader/mpu6050_reader/install/setup.zsh'
