running egg_info
creating ../build/encoders_node/encoders_node.egg-info
writing ../build/encoders_node/encoders_node.egg-info/PKG-INFO
writing dependency_links to ../build/encoders_node/encoders_node.egg-info/dependency_links.txt
writing entry points to ../build/encoders_node/encoders_node.egg-info/entry_points.txt
writing requirements to ../build/encoders_node/encoders_node.egg-info/requires.txt
writing top-level names to ../build/encoders_node/encoders_node.egg-info/top_level.txt
writing manifest file '../build/encoders_node/encoders_node.egg-info/SOURCES.txt'
reading manifest file '../build/encoders_node/encoders_node.egg-info/SOURCES.txt'
adding license file 'LICENSE'
writing manifest file '../build/encoders_node/encoders_node.egg-info/SOURCES.txt'
running build
running build_py
creating /home/airat/ros2_ws/src/build/encoders_node/build/lib/encoders_node
copying encoders_node/right_encoder.py -> /home/airat/ros2_ws/src/build/encoders_node/build/lib/encoders_node
copying encoders_node/__init__.py -> /home/airat/ros2_ws/src/build/encoders_node/build/lib/encoders_node
copying encoders_node/left_encoder.py -> /home/airat/ros2_ws/src/build/encoders_node/build/lib/encoders_node
running install
running install_lib
creating /home/airat/ros2_ws/src/install/encoders_node/lib/python3.10/site-packages/encoders_node
copying /home/airat/ros2_ws/src/build/encoders_node/build/lib/encoders_node/right_encoder.py -> /home/airat/ros2_ws/src/install/encoders_node/lib/python3.10/site-packages/encoders_node
copying /home/airat/ros2_ws/src/build/encoders_node/build/lib/encoders_node/__init__.py -> /home/airat/ros2_ws/src/install/encoders_node/lib/python3.10/site-packages/encoders_node
copying /home/airat/ros2_ws/src/build/encoders_node/build/lib/encoders_node/left_encoder.py -> /home/airat/ros2_ws/src/install/encoders_node/lib/python3.10/site-packages/encoders_node
byte-compiling /home/airat/ros2_ws/src/install/encoders_node/lib/python3.10/site-packages/encoders_node/right_encoder.py to right_encoder.cpython-310.pyc
byte-compiling /home/airat/ros2_ws/src/install/encoders_node/lib/python3.10/site-packages/encoders_node/__init__.py to __init__.cpython-310.pyc
byte-compiling /home/airat/ros2_ws/src/install/encoders_node/lib/python3.10/site-packages/encoders_node/left_encoder.py to left_encoder.cpython-310.pyc
running install_data
creating /home/airat/ros2_ws/src/install/encoders_node/share/ament_index/resource_index/packages
copying resource/encoders_node -> /home/airat/ros2_ws/src/install/encoders_node/share/ament_index/resource_index/packages
copying package.xml -> /home/airat/ros2_ws/src/install/encoders_node/share/encoders_node
running install_egg_info
Copying ../build/encoders_node/encoders_node.egg-info to /home/airat/ros2_ws/src/install/encoders_node/lib/python3.10/site-packages/encoders_node-0.0.0-py3.10.egg-info
running install_scripts
Installing left_encoder script to /home/airat/ros2_ws/src/install/encoders_node/lib/encoders_node
Installing right_encoder script to /home/airat/ros2_ws/src/install/encoders_node/lib/encoders_node
writing list of installed files to '/home/airat/ros2_ws/src/build/encoders_node/install.log'
